{"meta": {"format": 3, "version": "7.13.5", "timestamp": "2026-04-30T11:31:17.644624", "branch_coverage": false, "show_contexts": false}, "files": {"sprintcycle/evolution/measurement.py": {"executed_lines": [5, 6, 7, 8, 9, 10, 12, 15, 16, 17, 18, 19, 20, 21, 24, 25, 26, 27, 28, 29, 30, 31, 32, 34, 35, 45, 46, 57, 58, 61, 62, 67, 68, 69, 71, 74, 75, 83, 89, 90, 91, 92, 93, 95, 102, 114, 115, 120, 122, 123, 124, 130, 142, 147, 148, 149, 150, 151, 153, 155, 156, 157, 158, 160, 161, 162, 167, 172, 173, 175, 176, 178, 189, 190, 192, 195, 206], "summary": {"covered_lines": 77, "num_statements": 110, "percent_covered": 70.0, "percent_covered_display": "70", "missing_lines": 33, "excluded_lines": 0, "percent_statements_covered": 70.0, "percent_statements_covered_display": "70"}, "missing_lines": [47, 84, 85, 86, 87, 131, 132, 133, 134, 135, 136, 137, 139, 140, 143, 144, 145, 152, 168, 169, 170, 179, 180, 181, 182, 183, 184, 185, 186, 187, 193, 198, 209], "excluded_lines": [], "functions": {"MeasurementResult.to_dict": {"executed_lines": [35], "summary": {"covered_lines": 1, "num_statements": 1, "percent_covered": 100.0, "percent_covered_display": "100", "missing_lines": 0, "excluded_lines": 0, "percent_statements_covered": 100.0, "percent_statements_covered_display": "100"}, "missing_lines": [], "excluded_lines": [], "start_line": 34}, "MeasurementResult.from_dict": {"executed_lines": [], "summary": {"covered_lines": 0, "num_statements": 1, "percent_covered": 0.0, "percent_covered_display": "0", "missing_lines": 1, "excluded_lines": 0, "percent_statements_covered": 0.0, "percent_statements_covered_display": "0"}, "missing_lines": [47], "excluded_lines": [], "start_line": 46}, "MeasurementResult.__bool__": {"executed_lines": [58], "summary": {"covered_lines": 1, "num_statements": 1, "percent_covered": 100.0, "percent_covered_display": "100", "missing_lines": 0, "excluded_lines": 0, "percent_statements_covered": 100.0, "percent_statements_covered_display": "100"}, "missing_lines": [], "excluded_lines": [], "start_line": 57}, "MeasurementProvider.__init__": {"executed_lines": [67, 68, 69], "summary": {"covered_lines": 3, "num_statements": 3, "percent_covered": 100.0, "percent_covered_display": "100", "missing_lines": 0, "excluded_lines": 0, "percent_statements_covered": 100.0, "percent_statements_covered_display": "100"}, "missing_lines": [], "excluded_lines": [], "start_line": 62}, "MeasurementProvider._default_runner": {"executed_lines": [74, 75, 83], "summary": {"covered_lines": 3, "num_statements": 7, "percent_covered": 42.857142857142854, "percent_covered_display": "43", "missing_lines": 4, "excluded_lines": 0, "percent_statements_covered": 42.857142857142854, "percent_statements_covered_display": "43"}, "missing_lines": [84, 85, 86, 87], "excluded_lines": [], "start_line": 71}, "MeasurementProvider.measure_all": {"executed_lines": [90, 91, 92, 93, 95, 102, 114, 115, 120], "summary": {"covered_lines": 9, "num_statements": 9, "percent_covered": 100.0, "percent_covered_display": "100", "missing_lines": 0, "excluded_lines": 0, "percent_statements_covered": 100.0, "percent_statements_covered_display": "100"}, "missing_lines": [], "excluded_lines": [], "start_line": 89}, "MeasurementProvider._measure_correctness": {"executed_lines": [123, 124, 130, 142], "summary": {"covered_lines": 4, "num_statements": 16, "percent_covered": 25.0, "percent_covered_display": "25", "missing_lines": 12, "excluded_lines": 0, "percent_statements_covered": 25.0, "percent_statements_covered_display": "25"}, "missing_lines": [131, 132, 133, 134, 135, 136, 137, 139, 140, 143, 144, 145], "excluded_lines": [], "start_line": 122}, "MeasurementProvider._measure_performance": {"executed_lines": [148, 149, 150, 151, 153], "summary": {"covered_lines": 5, "num_statements": 6, "percent_covered": 83.33333333333333, "percent_covered_display": "83", "missing_lines": 1, "excluded_lines": 0, "percent_statements_covered": 83.33333333333333, "percent_statements_covered_display": "83"}, "missing_lines": [152], "excluded_lines": [], "start_line": 147}, "MeasurementProvider._measure_stability": {"executed_lines": [156, 157, 158], "summary": {"covered_lines": 3, "num_statements": 3, "percent_covered": 100.0, "percent_covered_display": "100", "missing_lines": 0, "excluded_lines": 0, "percent_statements_covered": 100.0, "percent_statements_covered_display": "100"}, "missing_lines": [], "excluded_lines": [], "start_line": 155}, "MeasurementProvider._measure_code_quality": {"executed_lines": [161, 162, 167], "summary": {"covered_lines": 3, "num_statements": 6, "percent_covered": 50.0, "percent_covered_display": "50", "missing_lines": 3, "excluded_lines": 0, "percent_statements_covered": 50.0, "percent_statements_covered_display": "50"}, "missing_lines": [168, 169, 170], "excluded_lines": [], "start_line": 160}, "MeasurementProvider._get_correctness_details": {"executed_lines": [173], "summary": {"covered_lines": 1, "num_statements": 1, "percent_covered": 100.0, "percent_covered_display": "100", "missing_lines": 0, "excluded_lines": 0, "percent_statements_covered": 100.0, "percent_statements_covered_display": "100"}, "missing_lines": [], "excluded_lines": [], "start_line": 172}, "MeasurementProvider._get_quality_details": {"executed_lines": [176], "summary": {"covered_lines": 1, "num_statements": 1, "percent_covered": 100.0, "percent_covered_display": "100", "missing_lines": 0, "excluded_lines": 0, "percent_statements_covered": 100.0, "percent_statements_covered_display": "100"}, "missing_lines": [], "excluded_lines": [], "start_line": 175}, "MeasurementProvider.check_quality_gate": {"executed_lines": [], "summary": {"covered_lines": 0, "num_statements": 9, "percent_covered": 0.0, "percent_covered_display": "0", "missing_lines": 9, "excluded_lines": 0, "percent_statements_covered": 0.0, "percent_statements_covered_display": "0"}, "missing_lines": [179, 180, 181, 182, 183, 184, 185, 186, 187], "excluded_lines": [], "start_line": 178}, "MeasurementProvider.get_history": {"executed_lines": [190], "summary": {"covered_lines": 1, "num_statements": 1, "percent_covered": 100.0, "percent_covered_display": "100", "missing_lines": 0, "excluded_lines": 0, "percent_statements_covered": 100.0, "percent_statements_covered_display": "100"}, "missing_lines": [], "excluded_lines": [], "start_line": 189}, "MeasurementProvider.get_latest": {"executed_lines": [], "summary": {"covered_lines": 0, "num_statements": 1, "percent_covered": 0.0, "percent_covered_display": "0", "missing_lines": 1, "excluded_lines": 0, "percent_statements_covered": 0.0, "percent_statements_covered_display": "0"}, "missing_lines": [193], "excluded_lines": [], "start_line": 192}, "MeasurementProvider.compare": {"executed_lines": [], "summary": {"covered_lines": 0, "num_statements": 1, "percent_covered": 0.0, "percent_covered_display": "0", "missing_lines": 1, "excluded_lines": 0, "percent_statements_covered": 0.0, "percent_statements_covered_display": "0"}, "missing_lines": [198], "excluded_lines": [], "start_line": 195}, "MeasurementProvider.is_improved": {"executed_lines": [], "summary": {"covered_lines": 0, "num_statements": 1, "percent_covered": 0.0, "percent_covered_display": "0", "missing_lines": 1, "excluded_lines": 0, "percent_statements_covered": 0.0, "percent_statements_covered_display": "0"}, "missing_lines": [209], "excluded_lines": [], "start_line": 206}, "": {"executed_lines": [5, 6, 7, 8, 9, 10, 12, 15, 16, 17, 18, 19, 20, 21, 24, 25, 26, 27, 28, 29, 30, 31, 32, 34, 45, 46, 57, 61, 62, 71, 89, 122, 147, 155, 160, 172, 175, 178, 189, 192, 195, 206], "summary": {"covered_lines": 42, "num_statements": 42, "percent_covered": 100.0, "percent_covered_display": "100", "missing_lines": 0, "excluded_lines": 0, "percent_statements_covered": 100.0, "percent_statements_covered_display": "100"}, "missing_lines": [], "excluded_lines": [], "start_line": 1}}, "classes": {"MeasurementConfig": {"executed_lines": [], "summary": {"covered_lines": 0, "num_statements": 0, "percent_covered": 100.0, "percent_covered_display": "100", "missing_lines": 0, "excluded_lines": 0, "percent_statements_covered": 100.0, "percent_statements_covered_display": "100"}, "missing_lines": [], "excluded_lines": [], "start_line": 16}, "MeasurementResult": {"executed_lines": [35, 58], "summary": {"covered_lines": 2, "num_statements": 3, "percent_covered": 66.66666666666667, "percent_covered_display": "67", "missing_lines": 1, "excluded_lines": 0, "percent_statements_covered": 66.66666666666667, "percent_statements_covered_display": "67"}, "missing_lines": [47], "excluded_lines": [], "start_line": 25}, "MeasurementProvider": {"executed_lines": [67, 68, 69, 74, 75, 83, 90, 91, 92, 93, 95, 102, 114, 115, 120, 123, 124, 130, 142, 148, 149, 150, 151, 153, 156, 157, 158, 161, 162, 167, 173, 176, 190], "summary": {"covered_lines": 33, "num_statements": 65, "percent_covered": 50.76923076923077, "percent_covered_display": "51", "missing_lines": 32, "excluded_lines": 0, "percent_statements_covered": 50.76923076923077, "percent_statements_covered_display": "51"}, "missing_lines": [84, 85, 86, 87, 131, 132, 133, 134, 135, 136, 137, 139, 140, 143, 144, 145, 152, 168, 169, 170, 179, 180, 181, 182, 183, 184, 185, 186, 187, 193, 198, 209], "excluded_lines": [], "start_line": 61}, "": {"executed_lines": [5, 6, 7, 8, 9, 10, 12, 15, 16, 17, 18, 19, 20, 21, 24, 25, 26, 27, 28, 29, 30, 31, 32, 34, 45, 46, 57, 61, 62, 71, 89, 122, 147, 155, 160, 172, 175, 178, 189, 192, 195, 206], "summary": {"covered_lines": 42, "num_statements": 42, "percent_covered": 100.0, "percent_covered_display": "100", "missing_lines": 0, "excluded_lines": 0, "percent_statements_covered": 100.0, "percent_statements_covered_display": "100"}, "missing_lines": [], "excluded_lines": [], "start_line": 1}}}}, "totals": {"covered_lines": 77, "num_statements": 110, "percent_covered": 70.0, "percent_covered_display": "70", "missing_lines": 33, "excluded_lines": 0, "percent_statements_covered": 70.0, "percent_statements_covered_display": "70"}}