{"meta": {"format": 3, "version": "7.13.5", "timestamp": "2026-04-29T19:59:01.954578", "branch_coverage": true, "show_contexts": false}, "files": {"sprintcycle/__init__.py": {"executed_lines": [7, 8, 11, 21, 24, 27, 29, 56, 60, 64, 68], "summary": {"covered_lines": 11, "num_statements": 19, "percent_covered": 57.89473684210526, "percent_covered_display": "58", "missing_lines": 8, "excluded_lines": 0, "percent_statements_covered": 57.89473684210526, "percent_statements_covered_display": "58", "num_branches": 0, "num_partial_branches": 0, "covered_branches": 0, "missing_branches": 0, "percent_branches_covered": 100.0, "percent_branches_covered_display": "100"}, "missing_lines": [57, 58, 61, 62, 65, 66, 69, 70], "excluded_lines": [], "executed_branches": [], "missing_branches": [], "functions": {"get_tooltype": {"executed_lines": [], "summary": {"covered_lines": 0, "num_statements": 2, "percent_covered": 0.0, "percent_covered_display": "0", "missing_lines": 2, "excluded_lines": 0, "percent_statements_covered": 0.0, "percent_statements_covered_display": "0", "num_branches": 0, "num_partial_branches": 0, "covered_branches": 0, "missing_branches": 0, "percent_branches_covered": 100.0, "percent_branches_covered_display": "100"}, "missing_lines": [57, 58], "excluded_lines": [], "start_line": 56, "executed_branches": [], "missing_branches": []}, "get_knowledge_base": {"executed_lines": [], "summary": {"covered_lines": 0, "num_statements": 2, "percent_covered": 0.0, "percent_covered_display": "0", "missing_lines": 2, "excluded_lines": 0, "percent_statements_covered": 0.0, "percent_statements_covered_display": "0", "num_branches": 0, "num_partial_branches": 0, "covered_branches": 0, "missing_branches": 0, "percent_branches_covered": 100.0, "percent_branches_covered_display": "100"}, "missing_lines": [61, 62], "excluded_lines": [], "start_line": 60, "executed_branches": [], "missing_branches": []}, "get_scheduler": {"executed_lines": [], "summary": {"covered_lines": 0, "num_statements": 2, "percent_covered": 0.0, "percent_covered_display": "0", "missing_lines": 2, "excluded_lines": 0, "percent_statements_covered": 0.0, "percent_statements_covered_display": "0", "num_branches": 0, "num_partial_branches": 0, "covered_branches": 0, "missing_branches": 0, "percent_branches_covered": 100.0, "percent_branches_covered_display": "100"}, "missing_lines": [65, 66], "excluded_lines": [], "start_line": 64, "executed_branches": [], "missing_branches": []}, "get_benchmark": {"executed_lines": [], "summary": {"covered_lines": 0, "num_statements": 2, "percent_covered": 0.0, "percent_covered_display": "0", "missing_lines": 2, "excluded_lines": 0, "percent_statements_covered": 0.0, "percent_statements_covered_display": "0", "num_branches": 0, "num_partial_branches": 0, "covered_branches": 0, "missing_branches": 0, "percent_branches_covered": 100.0, "percent_branches_covered_display": "100"}, "missing_lines": [69, 70], "excluded_lines": [], "start_line": 68, "executed_branches": [], "missing_branches": []}, "": {"executed_lines": [7, 8, 11, 21, 24, 27, 29, 56, 60, 64, 68], "summary": {"covered_lines": 11, "num_statements": 11, "percent_covered": 100.0, "percent_covered_display": "100", "missing_lines": 0, "excluded_lines": 0, "percent_statements_covered": 100.0, "percent_statements_covered_display": "100", "num_branches": 0, "num_partial_branches": 0, "covered_branches": 0, "missing_branches": 0, "percent_branches_covered": 100.0, "percent_branches_covered_display": "100"}, "missing_lines": [], "excluded_lines": [], "start_line": 1, "executed_branches": [], "missing_branches": []}}, "classes": {"": {"executed_lines": [7, 8, 11, 21, 24, 27, 29, 56, 60, 64, 68], "summary": {"covered_lines": 11, "num_statements": 19, "percent_covered": 57.89473684210526, "percent_covered_display": "58", "missing_lines": 8, "excluded_lines": 0, "percent_statements_covered": 57.89473684210526, "percent_statements_covered_display": "58", "num_branches": 0, "num_partial_branches": 0, "covered_branches": 0, "missing_branches": 0, "percent_branches_covered": 100.0, "percent_branches_covered_display": "100"}, "missing_lines": [57, 58, 61, 62, 65, 66, 69, 70], "excluded_lines": [], "start_line": 1, "executed_branches": [], "missing_branches": []}}}, "sprintcycle/agents/__init__.py": {"executed_lines": [6, 7, 13, 14, 15, 18, 19, 26, 36], "summary": {"covered_lines": 9, "num_statements": 17, "percent_covered": 52.94117647058823, "percent_covered_display": "53", "missing_lines": 8, "excluded_lines": 0, "percent_statements_covered": 52.94117647058823, "percent_statements_covered_display": "53", "num_branches": 0, "num_partial_branches": 0, "covered_branches": 0, "missing_branches": 0, "percent_branches_covered": 100.0, "percent_branches_covered_display": "100"}, "missing_lines": [27, 28, 29, 30, 31, 32, 33, 34], "excluded_lines": [], "executed_branches": [], "missing_branches": [], "functions": {"": {"executed_lines": [6, 7, 13, 14, 15, 18, 19, 26, 36], "summary": {"covered_lines": 9, "num_statements": 17, "percent_covered": 52.94117647058823, "percent_covered_display": "53", "missing_lines": 8, "excluded_lines": 0, "percent_statements_covered": 52.94117647058823, "percent_statements_covered_display": "53", "num_branches": 0, "num_partial_branches": 0, "covered_branches": 0, "missing_branches": 0, "percent_branches_covered": 100.0, "percent_branches_covered_display": "100"}, "missing_lines": [27, 28, 29, 30, 31, 32, 33, 34], "excluded_lines": [], "start_line": 1, "executed_branches": [], "missing_branches": []}}, "classes": {"": {"executed_lines": [6, 7, 13, 14, 15, 18, 19, 26, 36], "summary": {"covered_lines": 9, "num_statements": 17, "percent_covered": 52.94117647058823, "percent_covered_display": "53", "missing_lines": 8, "excluded_lines": 0, "percent_statements_covered": 52.94117647058823, "percent_statements_covered_display": "53", "num_branches": 0, "num_partial_branches": 0, "covered_branches": 0, "missing_branches": 0, "percent_branches_covered": 100.0, "percent_branches_covered_display": "100"}, "missing_lines": [27, 28, 29, 30, 31, 32, 33, 34], "excluded_lines": [], "start_line": 1, "executed_branches": [], "missing_branches": []}}}, "sprintcycle/agents/base.py": {"executed_lines": [5, 6, 7, 8, 9, 12, 14, 15, 16, 17, 18, 19, 20, 21, 24, 25, 27, 28, 29, 30, 31, 32, 35, 42, 43, 44, 46, 47, 48, 49, 50, 71, 75, 76, 79, 80, 87, 92, 97, 101, 105], "summary": {"covered_lines": 41, "num_statements": 52, "percent_covered": 78.84615384615384, "percent_covered_display": "79", "missing_lines": 11, "excluded_lines": 17, "percent_statements_covered": 78.84615384615384, "percent_statements_covered_display": "79", "num_branches": 0, "num_partial_branches": 0, "covered_branches": 0, "missing_branches": 0, "percent_branches_covered": 100.0, "percent_branches_covered_display": "100"}, "missing_lines": [73, 77, 82, 89, 90, 94, 95, 99, 103, 107, 108], "excluded_lines": [52, 53, 54, 55, 57, 58, 59, 60, 61, 62, 63, 64, 65, 66, 67, 68, 69], "executed_branches": [], "missing_branches": [], "functions": {"BaseAgent.__init__": {"executed_lines": [47, 48, 49, 50], "summary": {"covered_lines": 4, "num_statements": 4, "percent_covered": 100.0, "percent_covered_display": "100", "missing_lines": 0, "excluded_lines": 0, "percent_statements_covered": 100.0, "percent_statements_covered_display": "100", "num_branches": 0, "num_partial_branches": 0, "covered_branches": 0, "missing_branches": 0, "percent_branches_covered": 100.0, "percent_branches_covered_display": "100"}, "missing_lines": [], "excluded_lines": [], "start_line": 46, "executed_branches": [], "missing_branches": []}, "BaseAgent.initialize": {"executed_lines": [], "summary": {"covered_lines": 0, "num_statements": 0, "percent_covered": 100.0, "percent_covered_display": "100", "missing_lines": 0, "excluded_lines": 2, "percent_statements_covered": 100.0, "percent_statements_covered_display": "100", "num_branches": 0, "num_partial_branches": 0, "covered_branches": 0, "missing_branches": 0, "percent_branches_covered": 100.0, "percent_branches_covered_display": "100"}, "missing_lines": [], "excluded_lines": [54, 55], "start_line": 53, "executed_branches": [], "missing_branches": []}, "BaseAgent.execute": {"executed_lines": [], "summary": {"covered_lines": 0, "num_statements": 0, "percent_covered": 100.0, "percent_covered_display": "100", "missing_lines": 0, "excluded_lines": 11, "percent_statements_covered": 100.0, "percent_statements_covered_display": "100", "num_branches": 0, "num_partial_branches": 0, "covered_branches": 0, "missing_branches": 0, "percent_branches_covered": 100.0, "percent_branches_covered_display": "100"}, "missing_lines": [], "excluded_lines": [59, 60, 61, 62, 63, 64, 65, 66, 67, 68, 69], "start_line": 58, "executed_branches": [], "missing_branches": []}, "BaseAgent.cleanup": {"executed_lines": [], "summary": {"covered_lines": 0, "num_statements": 1, "percent_covered": 0.0, "percent_covered_display": "0", "missing_lines": 1, "excluded_lines": 0, "percent_statements_covered": 0.0, "percent_statements_covered_display": "0", "num_branches": 0, "num_partial_branches": 0, "covered_branches": 0, "missing_branches": 0, "percent_branches_covered": 100.0, "percent_branches_covered_display": "100"}, "missing_lines": [73], "excluded_lines": [], "start_line": 71, "executed_branches": [], "missing_branches": []}, "BaseAgent.is_initialized": {"executed_lines": [], "summary": {"covered_lines": 0, "num_statements": 1, "percent_covered": 0.0, "percent_covered_display": "0", "missing_lines": 1, "excluded_lines": 0, "percent_statements_covered": 0.0, "percent_statements_covered_display": "0", "num_branches": 0, "num_partial_branches": 0, "covered_branches": 0, "missing_branches": 0, "percent_branches_covered": 100.0, "percent_branches_covered_display": "100"}, "missing_lines": [77], "excluded_lines": [], "start_line": 76, "executed_branches": [], "missing_branches": []}, "BaseAgent.execution_stats": {"executed_lines": [], "summary": {"covered_lines": 0, "num_statements": 1, "percent_covered": 0.0, "percent_covered_display": "0", "missing_lines": 1, "excluded_lines": 0, "percent_statements_covered": 0.0, "percent_statements_covered_display": "0", "num_branches": 0, "num_partial_branches": 0, "covered_branches": 0, "missing_branches": 0, "percent_branches_covered": 100.0, "percent_branches_covered_display": "100"}, "missing_lines": [82], "excluded_lines": [], "start_line": 80, "executed_branches": [], "missing_branches": []}, "BaseAgent._record_execution": {"executed_lines": [], "summary": {"covered_lines": 0, "num_statements": 2, "percent_covered": 0.0, "percent_covered_display": "0", "missing_lines": 2, "excluded_lines": 0, "percent_statements_covered": 0.0, "percent_statements_covered_display": "0", "num_branches": 0, "num_partial_branches": 0, "covered_branches": 0, "missing_branches": 0, "percent_branches_covered": 100.0, "percent_branches_covered_display": "100"}, "missing_lines": [89, 90], "excluded_lines": [], "start_line": 87, "executed_branches": [], "missing_branches": []}, "BaseAgent.pre_execute": {"executed_lines": [], "summary": {"covered_lines": 0, "num_statements": 2, "percent_covered": 0.0, "percent_covered_display": "0", "missing_lines": 2, "excluded_lines": 0, "percent_statements_covered": 0.0, "percent_statements_covered_display": "0", "num_branches": 0, "num_partial_branches": 0, "covered_branches": 0, "missing_branches": 0, "percent_branches_covered": 100.0, "percent_branches_covered_display": "100"}, "missing_lines": [94, 95], "excluded_lines": [], "start_line": 92, "executed_branches": [], "missing_branches": []}, "BaseAgent.post_execute": {"executed_lines": [], "summary": {"covered_lines": 0, "num_statements": 1, "percent_covered": 0.0, "percent_covered_display": "0", "missing_lines": 1, "excluded_lines": 0, "percent_statements_covered": 0.0, "percent_statements_covered_display": "0", "num_branches": 0, "num_partial_branches": 0, "covered_branches": 0, "missing_branches": 0, "percent_branches_covered": 100.0, "percent_branches_covered_display": "100"}, "missing_lines": [99], "excluded_lines": [], "start_line": 97, "executed_branches": [], "missing_branches": []}, "BaseAgent.validate_task": {"executed_lines": [], "summary": {"covered_lines": 0, "num_statements": 1, "percent_covered": 0.0, "percent_covered_display": "0", "missing_lines": 1, "excluded_lines": 0, "percent_statements_covered": 0.0, "percent_statements_covered_display": "0", "num_branches": 0, "num_partial_branches": 0, "covered_branches": 0, "missing_branches": 0, "percent_branches_covered": 100.0, "percent_branches_covered_display": "100"}, "missing_lines": [103], "excluded_lines": [], "start_line": 101, "executed_branches": [], "missing_branches": []}, "BaseAgent.get_system_prompt": {"executed_lines": [], "summary": {"covered_lines": 0, "num_statements": 2, "percent_covered": 0.0, "percent_covered_display": "0", "missing_lines": 2, "excluded_lines": 0, "percent_statements_covered": 0.0, "percent_statements_covered_display": "0", "num_branches": 0, "num_partial_branches": 0, "covered_branches": 0, "missing_branches": 0, "percent_branches_covered": 100.0, "percent_branches_covered_display": "100"}, "missing_lines": [107, 108], "excluded_lines": [], "start_line": 105, "executed_branches": [], "missing_branches": []}, "": {"executed_lines": [5, 6, 7, 8, 9, 12, 14, 15, 16, 17, 18, 19, 20, 21, 24, 25, 27, 28, 29, 30, 31, 32, 35, 42, 43, 44, 46, 71, 75, 76, 79, 80, 87, 92, 97, 101, 105], "summary": {"covered_lines": 37, "num_statements": 37, "percent_covered": 100.0, "percent_covered_display": "100", "missing_lines": 0, "excluded_lines": 4, "percent_statements_covered": 100.0, "percent_statements_covered_display": "100", "num_branches": 0, "num_partial_branches": 0, "covered_branches": 0, "missing_branches": 0, "percent_branches_covered": 100.0, "percent_branches_covered_display": "100"}, "missing_lines": [], "excluded_lines": [52, 53, 57, 58], "start_line": 1, "executed_branches": [], "missing_branches": []}}, "classes": {"AgentCapability": {"executed_lines": [], "summary": {"covered_lines": 0, "num_statements": 0, "percent_covered": 100.0, "percent_covered_display": "100", "missing_lines": 0, "excluded_lines": 0, "percent_statements_covered": 100.0, "percent_statements_covered_display": "100", "num_branches": 0, "num_partial_branches": 0, "covered_branches": 0, "missing_branches": 0, "percent_branches_covered": 100.0, "percent_branches_covered_display": "100"}, "missing_lines": [], "excluded_lines": [], "start_line": 12, "executed_branches": [], "missing_branches": []}, "AgentConfig": {"executed_lines": [], "summary": {"covered_lines": 0, "num_statements": 0, "percent_covered": 100.0, "percent_covered_display": "100", "missing_lines": 0, "excluded_lines": 0, "percent_statements_covered": 100.0, "percent_statements_covered_display": "100", "num_branches": 0, "num_partial_branches": 0, "covered_branches": 0, "missing_branches": 0, "percent_branches_covered": 100.0, "percent_branches_covered_display": "100"}, "missing_lines": [], "excluded_lines": [], "start_line": 25, "executed_branches": [], "missing_branches": []}, "BaseAgent": {"executed_lines": [47, 48, 49, 50], "summary": {"covered_lines": 4, "num_statements": 15, "percent_covered": 26.666666666666668, "percent_covered_display": "27", "missing_lines": 11, "excluded_lines": 13, "percent_statements_covered": 26.666666666666668, "percent_statements_covered_display": "27", "num_branches": 0, "num_partial_branches": 0, "covered_branches": 0, "missing_branches": 0, "percent_branches_covered": 100.0, "percent_branches_covered_display": "100"}, "missing_lines": [73, 77, 82, 89, 90, 94, 95, 99, 103, 107, 108], "excluded_lines": [54, 55, 59, 60, 61, 62, 63, 64, 65, 66, 67, 68, 69], "start_line": 35, "executed_branches": [], "missing_branches": []}, "": {"executed_lines": [5, 6, 7, 8, 9, 12, 14, 15, 16, 17, 18, 19, 20, 21, 24, 25, 27, 28, 29, 30, 31, 32, 35, 42, 43, 44, 46, 71, 75, 76, 79, 80, 87, 92, 97, 101, 105], "summary": {"covered_lines": 37, "num_statements": 37, "percent_covered": 100.0, "percent_covered_display": "100", "missing_lines": 0, "excluded_lines": 4, "percent_statements_covered": 100.0, "percent_statements_covered_display": "100", "num_branches": 0, "num_partial_branches": 0, "covered_branches": 0, "missing_branches": 0, "percent_branches_covered": 100.0, "percent_branches_covered_display": "100"}, "missing_lines": [], "excluded_lines": [52, 53, 57, 58], "start_line": 1, "executed_branches": [], "missing_branches": []}}}, "sprintcycle/agents/executor.py": {"executed_lines": [11, 12, 13, 14, 15, 16, 17, 18, 19, 22, 24, 25, 26, 27, 28, 31, 32, 42, 43, 44, 45, 46, 47, 48, 51, 52, 53, 54, 55, 56, 58, 60, 62, 63, 65, 66, 67, 69, 71, 72, 75, 76, 87, 97, 98, 99, 100, 102, 104, 105, 106, 108, 110, 111, 114, 118, 119, 127, 129, 134, 136, 138, 140, 144, 147, 148, 151, 152, 154, 155, 156, 157, 158, 159, 160, 161, 163, 171, 175, 187, 207, 208, 209, 210, 211, 212, 214, 215, 216, 217, 218, 219, 220, 221, 223, 225, 226, 228, 229, 230, 231, 233, 235, 245, 270, 272, 282, 284, 286, 287, 288, 291, 293, 295, 297, 298, 299, 300, 301, 304, 306, 307, 309, 311, 315, 316, 319, 321, 322, 325, 326, 330, 332, 334, 335, 336, 338, 339, 341, 344, 346, 348, 350, 356, 357, 358, 360, 361, 362, 363, 364, 366, 368, 371, 380, 382, 411, 413, 415, 416, 417, 422, 423, 425, 428, 430, 436, 452, 461, 479, 487], "summary": {"covered_lines": 171, "num_statements": 250, "percent_covered": 62.58064516129032, "percent_covered_display": "63", "missing_lines": 79, "excluded_lines": 0, "percent_statements_covered": 68.4, "percent_statements_covered_display": "68", "num_branches": 60, "num_partial_branches": 13, "covered_branches": 23, "missing_branches": 37, "percent_branches_covered": 38.333333333333336, "percent_branches_covered_display": "38"}, "missing_lines": [68, 73, 115, 122, 123, 125, 130, 131, 132, 133, 142, 145, 165, 166, 167, 168, 169, 172, 312, 323, 327, 342, 367, 369, 373, 374, 376, 377, 384, 385, 387, 389, 390, 391, 392, 393, 396, 397, 399, 400, 401, 402, 404, 405, 406, 407, 409, 426, 438, 440, 441, 442, 443, 444, 445, 447, 448, 450, 454, 455, 456, 457, 458, 459, 463, 466, 467, 468, 469, 470, 471, 472, 474, 484, 503, 506, 510, 513, 516], "excluded_lines": [], "executed_branches": [[65, 66], [65, 67], [67, 69], [110, 111], [114, 118], [118, 119], [129, 134], [299, 300], [299, 304], [311, 315], [315, 316], [315, 319], [319, -309], [319, 321], [322, 325], [326, 330], [341, 344], [363, 364], [366, 368], [368, 371], [422, 423], [422, 425], [425, 428]], "missing_branches": [[67, 68], [110, 125], [114, 115], [118, 122], [129, 130], [130, 129], [130, 131], [132, 129], [132, 133], [311, 312], [322, 323], [326, 327], [341, 342], [363, 366], [366, 367], [368, 369], [387, 389], [387, 396], [401, 402], [401, 404], [404, 405], [404, 406], [406, 407], [406, 409], [425, 426], [442, 443], [442, 444], [444, 445], [444, 447], [447, 448], [447, 450], [455, 456], [455, 459], [467, 468], [467, 472], [470, 467], [470, 471]], "functions": {"PriorityTask.__lt__": {"executed_lines": [60], "summary": {"covered_lines": 1, "num_statements": 1, "percent_covered": 100.0, "percent_covered_display": "100", "missing_lines": 0, "excluded_lines": 0, "percent_statements_covered": 100.0, "percent_statements_covered_display": "100", "num_branches": 0, "num_partial_branches": 0, "covered_branches": 0, "missing_branches": 0, "percent_branches_covered": 100.0, "percent_branches_covered_display": "100"}, "missing_lines": [], "excluded_lines": [], "start_line": 58, "executed_branches": [], "missing_branches": []}, "PriorityTask.duration": {"executed_lines": [65, 66, 67, 69], "summary": {"covered_lines": 4, "num_statements": 5, "percent_covered": 77.77777777777777, "percent_covered_display": "78", "missing_lines": 1, "excluded_lines": 0, "percent_statements_covered": 80.0, "percent_statements_covered_display": "80", "num_branches": 4, "num_partial_branches": 1, "covered_branches": 3, "missing_branches": 1, "percent_branches_covered": 75.0, "percent_branches_covered_display": "75"}, "missing_lines": [68], "excluded_lines": [], "start_line": 63, "executed_branches": [[65, 66], [65, 67], [67, 69]], "missing_branches": [[67, 68]]}, "PriorityTask.is_completed": {"executed_lines": [], "summary": {"covered_lines": 0, "num_statements": 1, "percent_covered": 0.0, "percent_covered_display": "0", "missing_lines": 1, "excluded_lines": 0, "percent_statements_covered": 0.0, "percent_statements_covered_display": "0", "num_branches": 0, "num_partial_branches": 0, "covered_branches": 0, "missing_branches": 0, "percent_branches_covered": 100.0, "percent_branches_covered_display": "100"}, "missing_lines": [73], "excluded_lines": [], "start_line": 72, "executed_branches": [], "missing_branches": []}, "PriorityTask.to_dict": {"executed_lines": [76], "summary": {"covered_lines": 1, "num_statements": 1, "percent_covered": 100.0, "percent_covered_display": "100", "missing_lines": 0, "excluded_lines": 0, "percent_statements_covered": 100.0, "percent_statements_covered_display": "100", "num_branches": 0, "num_partial_branches": 0, "covered_branches": 0, "missing_branches": 0, "percent_branches_covered": 100.0, "percent_branches_covered_display": "100"}, "missing_lines": [], "excluded_lines": [], "start_line": 75, "executed_branches": [], "missing_branches": []}, "PriorityQueue.__init__": {"executed_lines": [98, 99, 100], "summary": {"covered_lines": 3, "num_statements": 3, "percent_covered": 100.0, "percent_covered_display": "100", "missing_lines": 0, "excluded_lines": 0, "percent_statements_covered": 100.0, "percent_statements_covered_display": "100", "num_branches": 0, "num_partial_branches": 0, "covered_branches": 0, "missing_branches": 0, "percent_branches_covered": 100.0, "percent_branches_covered_display": "100"}, "missing_lines": [], "excluded_lines": [], "start_line": 97, "executed_branches": [], "missing_branches": []}, "PriorityQueue.enqueue": {"executed_lines": [104, 105, 106], "summary": {"covered_lines": 3, "num_statements": 3, "percent_covered": 100.0, "percent_covered_display": "100", "missing_lines": 0, "excluded_lines": 0, "percent_statements_covered": 100.0, "percent_statements_covered_display": "100", "num_branches": 0, "num_partial_branches": 0, "covered_branches": 0, "missing_branches": 0, "percent_branches_covered": 100.0, "percent_branches_covered_display": "100"}, "missing_lines": [], "excluded_lines": [], "start_line": 102, "executed_branches": [], "missing_branches": []}, "PriorityQueue.dequeue": {"executed_lines": [110, 111, 114, 118, 119], "summary": {"covered_lines": 5, "num_statements": 9, "percent_covered": 53.333333333333336, "percent_covered_display": "53", "missing_lines": 4, "excluded_lines": 0, "percent_statements_covered": 55.55555555555556, "percent_statements_covered_display": "56", "num_branches": 6, "num_partial_branches": 3, "covered_branches": 3, "missing_branches": 3, "percent_branches_covered": 50.0, "percent_branches_covered_display": "50"}, "missing_lines": [115, 122, 123, 125], "excluded_lines": [], "start_line": 108, "executed_branches": [[110, 111], [114, 118], [118, 119]], "missing_branches": [[110, 125], [114, 115], [118, 122]]}, "PriorityQueue._check_dependencies": {"executed_lines": [129, 134], "summary": {"covered_lines": 2, "num_statements": 6, "percent_covered": 25.0, "percent_covered_display": "25", "missing_lines": 4, "excluded_lines": 0, "percent_statements_covered": 33.333333333333336, "percent_statements_covered_display": "33", "num_branches": 6, "num_partial_branches": 1, "covered_branches": 1, "missing_branches": 5, "percent_branches_covered": 16.666666666666668, "percent_branches_covered_display": "17"}, "missing_lines": [130, 131, 132, 133], "excluded_lines": [], "start_line": 127, "executed_branches": [[129, 134]], "missing_branches": [[129, 130], [130, 129], [130, 131], [132, 129], [132, 133]]}, "PriorityQueue.mark_completed": {"executed_lines": [138], "summary": {"covered_lines": 1, "num_statements": 1, "percent_covered": 100.0, "percent_covered_display": "100", "missing_lines": 0, "excluded_lines": 0, "percent_statements_covered": 100.0, "percent_statements_covered_display": "100", "num_branches": 0, "num_partial_branches": 0, "covered_branches": 0, "missing_branches": 0, "percent_branches_covered": 100.0, "percent_branches_covered_display": "100"}, "missing_lines": [], "excluded_lines": [], "start_line": 136, "executed_branches": [], "missing_branches": []}, "PriorityQueue.get_task": {"executed_lines": [], "summary": {"covered_lines": 0, "num_statements": 1, "percent_covered": 0.0, "percent_covered_display": "0", "missing_lines": 1, "excluded_lines": 0, "percent_statements_covered": 0.0, "percent_statements_covered_display": "0", "num_branches": 0, "num_partial_branches": 0, "covered_branches": 0, "missing_branches": 0, "percent_branches_covered": 100.0, "percent_branches_covered_display": "100"}, "missing_lines": [142], "excluded_lines": [], "start_line": 140, "executed_branches": [], "missing_branches": []}, "PriorityQueue.__len__": {"executed_lines": [], "summary": {"covered_lines": 0, "num_statements": 1, "percent_covered": 0.0, "percent_covered_display": "0", "missing_lines": 1, "excluded_lines": 0, "percent_statements_covered": 0.0, "percent_statements_covered_display": "0", "num_branches": 0, "num_partial_branches": 0, "covered_branches": 0, "missing_branches": 0, "percent_branches_covered": 100.0, "percent_branches_covered_display": "100"}, "missing_lines": [145], "excluded_lines": [], "start_line": 144, "executed_branches": [], "missing_branches": []}, "PriorityQueue.is_empty": {"executed_lines": [148], "summary": {"covered_lines": 1, "num_statements": 1, "percent_covered": 100.0, "percent_covered_display": "100", "missing_lines": 0, "excluded_lines": 0, "percent_statements_covered": 100.0, "percent_statements_covered_display": "100", "num_branches": 0, "num_partial_branches": 0, "covered_branches": 0, "missing_branches": 0, "percent_branches_covered": 100.0, "percent_branches_covered_display": "100"}, "missing_lines": [], "excluded_lines": [], "start_line": 147, "executed_branches": [], "missing_branches": []}, "ExecutionStats.update": {"executed_lines": [], "summary": {"covered_lines": 0, "num_statements": 5, "percent_covered": 0.0, "percent_covered_display": "0", "missing_lines": 5, "excluded_lines": 0, "percent_statements_covered": 0.0, "percent_statements_covered_display": "0", "num_branches": 0, "num_partial_branches": 0, "covered_branches": 0, "missing_branches": 0, "percent_branches_covered": 100.0, "percent_branches_covered_display": "100"}, "missing_lines": [165, 166, 167, 168, 169], "excluded_lines": [], "start_line": 163, "executed_branches": [], "missing_branches": []}, "ExecutionStats._get_all_tasks": {"executed_lines": [], "summary": {"covered_lines": 0, "num_statements": 1, "percent_covered": 0.0, "percent_covered_display": "0", "missing_lines": 1, "excluded_lines": 0, "percent_statements_covered": 0.0, "percent_statements_covered_display": "0", "num_branches": 0, "num_partial_branches": 0, "covered_branches": 0, "missing_branches": 0, "percent_branches_covered": 100.0, "percent_branches_covered_display": "100"}, "missing_lines": [172], "excluded_lines": [], "start_line": 171, "executed_branches": [], "missing_branches": []}, "ConcurrentExecutor.__init__": {"executed_lines": [207, 208, 209, 210, 211, 212, 214, 215, 216, 217, 218, 219, 220, 221, 223], "summary": {"covered_lines": 15, "num_statements": 15, "percent_covered": 100.0, "percent_covered_display": "100", "missing_lines": 0, "excluded_lines": 0, "percent_statements_covered": 100.0, "percent_statements_covered_display": "100", "num_branches": 0, "num_partial_branches": 0, "covered_branches": 0, "missing_branches": 0, "percent_branches_covered": 100.0, "percent_branches_covered_display": "100"}, "missing_lines": [], "excluded_lines": [], "start_line": 187, "executed_branches": [], "missing_branches": []}, "ConcurrentExecutor.stats": {"executed_lines": [228, 229, 230, 231, 233, 235], "summary": {"covered_lines": 6, "num_statements": 6, "percent_covered": 100.0, "percent_covered_display": "100", "missing_lines": 0, "excluded_lines": 0, "percent_statements_covered": 100.0, "percent_statements_covered_display": "100", "num_branches": 0, "num_partial_branches": 0, "covered_branches": 0, "missing_branches": 0, "percent_branches_covered": 100.0, "percent_branches_covered_display": "100"}, "missing_lines": [], "excluded_lines": [], "start_line": 226, "executed_branches": [], "missing_branches": []}, "ConcurrentExecutor.create_task": {"executed_lines": [270, 272, 282], "summary": {"covered_lines": 3, "num_statements": 3, "percent_covered": 100.0, "percent_covered_display": "100", "missing_lines": 0, "excluded_lines": 0, "percent_statements_covered": 100.0, "percent_statements_covered_display": "100", "num_branches": 0, "num_partial_branches": 0, "covered_branches": 0, "missing_branches": 0, "percent_branches_covered": 100.0, "percent_branches_covered_display": "100"}, "missing_lines": [], "excluded_lines": [], "start_line": 245, "executed_branches": [], "missing_branches": []}, "ConcurrentExecutor.submit": {"executed_lines": [286, 287, 288, 291, 293], "summary": {"covered_lines": 5, "num_statements": 5, "percent_covered": 100.0, "percent_covered_display": "100", "missing_lines": 0, "excluded_lines": 0, "percent_statements_covered": 100.0, "percent_statements_covered_display": "100", "num_branches": 0, "num_partial_branches": 0, "covered_branches": 0, "missing_branches": 0, "percent_branches_covered": 100.0, "percent_branches_covered_display": "100"}, "missing_lines": [], "excluded_lines": [], "start_line": 284, "executed_branches": [], "missing_branches": []}, "ConcurrentExecutor.submit_batch": {"executed_lines": [297, 298, 299, 300, 301, 304, 306, 307], "summary": {"covered_lines": 8, "num_statements": 8, "percent_covered": 100.0, "percent_covered_display": "100", "missing_lines": 0, "excluded_lines": 0, "percent_statements_covered": 100.0, "percent_statements_covered_display": "100", "num_branches": 2, "num_partial_branches": 0, "covered_branches": 2, "missing_branches": 0, "percent_branches_covered": 100.0, "percent_branches_covered_display": "100"}, "missing_lines": [], "excluded_lines": [], "start_line": 295, "executed_branches": [[299, 300], [299, 304]], "missing_branches": []}, "ConcurrentExecutor._schedule": {"executed_lines": [311, 315, 316, 319, 321, 322, 325, 326, 330], "summary": {"covered_lines": 9, "num_statements": 12, "percent_covered": 72.72727272727273, "percent_covered_display": "73", "missing_lines": 3, "excluded_lines": 0, "percent_statements_covered": 75.0, "percent_statements_covered_display": "75", "num_branches": 10, "num_partial_branches": 3, "covered_branches": 7, "missing_branches": 3, "percent_branches_covered": 70.0, "percent_branches_covered_display": "70"}, "missing_lines": [312, 323, 327], "excluded_lines": [], "start_line": 309, "executed_branches": [[311, 315], [315, 316], [315, 319], [319, -309], [319, 321], [322, 325], [326, 330]], "missing_branches": [[311, 312], [322, 323], [326, 327]]}, "ConcurrentExecutor._execute_task": {"executed_lines": [334, 335, 336, 338, 339, 341, 344, 346, 348, 350, 356, 357, 358, 360, 361, 362, 363, 364, 366, 368, 371, 380], "summary": {"covered_lines": 22, "num_statements": 29, "percent_covered": 70.27027027027027, "percent_covered_display": "70", "missing_lines": 7, "excluded_lines": 0, "percent_statements_covered": 75.86206896551724, "percent_statements_covered_display": "76", "num_branches": 8, "num_partial_branches": 4, "covered_branches": 4, "missing_branches": 4, "percent_branches_covered": 50.0, "percent_branches_covered_display": "50"}, "missing_lines": [342, 367, 369, 373, 374, 376, 377], "excluded_lines": [], "start_line": 332, "executed_branches": [[341, 344], [363, 364], [366, 368], [368, 371]], "missing_branches": [[341, 342], [363, 366], [366, 367], [368, 369]]}, "ConcurrentExecutor._handle_task_failure": {"executed_lines": [], "summary": {"covered_lines": 0, "num_statements": 19, "percent_covered": 0.0, "percent_covered_display": "0", "missing_lines": 19, "excluded_lines": 0, "percent_statements_covered": 0.0, "percent_statements_covered_display": "0", "num_branches": 8, "num_partial_branches": 0, "covered_branches": 0, "missing_branches": 8, "percent_branches_covered": 0.0, "percent_branches_covered_display": "0"}, "missing_lines": [384, 385, 387, 389, 390, 391, 392, 393, 396, 397, 399, 400, 401, 402, 404, 405, 406, 407, 409], "excluded_lines": [], "start_line": 382, "executed_branches": [], "missing_branches": [[387, 389], [387, 396], [401, 402], [401, 404], [404, 405], [404, 406], [406, 407], [406, 409]]}, "ConcurrentExecutor.wait_all": {"executed_lines": [413, 415, 416, 417, 422, 423, 425, 428, 430], "summary": {"covered_lines": 9, "num_statements": 10, "percent_covered": 85.71428571428571, "percent_covered_display": "86", "missing_lines": 1, "excluded_lines": 0, "percent_statements_covered": 90.0, "percent_statements_covered_display": "90", "num_branches": 4, "num_partial_branches": 1, "covered_branches": 3, "missing_branches": 1, "percent_branches_covered": 75.0, "percent_branches_covered_display": "75"}, "missing_lines": [426], "excluded_lines": [], "start_line": 411, "executed_branches": [[422, 423], [422, 425], [425, 428]], "missing_branches": [[425, 426]]}, "ConcurrentExecutor.get_result": {"executed_lines": [], "summary": {"covered_lines": 0, "num_statements": 10, "percent_covered": 0.0, "percent_covered_display": "0", "missing_lines": 10, "excluded_lines": 0, "percent_statements_covered": 0.0, "percent_statements_covered_display": "0", "num_branches": 6, "num_partial_branches": 0, "covered_branches": 0, "missing_branches": 6, "percent_branches_covered": 0.0, "percent_branches_covered_display": "0"}, "missing_lines": [438, 440, 441, 442, 443, 444, 445, 447, 448, 450], "excluded_lines": [], "start_line": 436, "executed_branches": [], "missing_branches": [[442, 443], [442, 444], [444, 445], [444, 447], [447, 448], [447, 450]]}, "ConcurrentExecutor.cancel": {"executed_lines": [], "summary": {"covered_lines": 0, "num_statements": 6, "percent_covered": 0.0, "percent_covered_display": "0", "missing_lines": 6, "excluded_lines": 0, "percent_statements_covered": 0.0, "percent_statements_covered_display": "0", "num_branches": 2, "num_partial_branches": 0, "covered_branches": 0, "missing_branches": 2, "percent_branches_covered": 0.0, "percent_branches_covered_display": "0"}, "missing_lines": [454, 455, 456, 457, 458, 459], "excluded_lines": [], "start_line": 452, "executed_branches": [], "missing_branches": [[455, 456], [455, 459]]}, "ConcurrentExecutor.shutdown": {"executed_lines": [], "summary": {"covered_lines": 0, "num_statements": 9, "percent_covered": 0.0, "percent_covered_display": "0", "missing_lines": 9, "excluded_lines": 0, "percent_statements_covered": 0.0, "percent_statements_covered_display": "0", "num_branches": 4, "num_partial_branches": 0, "covered_branches": 0, "missing_branches": 4, "percent_branches_covered": 0.0, "percent_branches_covered_display": "0"}, "missing_lines": [463, 466, 467, 468, 469, 470, 471, 472, 474], "excluded_lines": [], "start_line": 461, "executed_branches": [], "missing_branches": [[467, 468], [467, 472], [470, 467], [470, 471]]}, "create_executor": {"executed_lines": [], "summary": {"covered_lines": 0, "num_statements": 1, "percent_covered": 0.0, "percent_covered_display": "0", "missing_lines": 1, "excluded_lines": 0, "percent_statements_covered": 0.0, "percent_statements_covered_display": "0", "num_branches": 0, "num_partial_branches": 0, "covered_branches": 0, "missing_branches": 0, "percent_branches_covered": 100.0, "percent_branches_covered_display": "100"}, "missing_lines": [484], "excluded_lines": [], "start_line": 479, "executed_branches": [], "missing_branches": []}, "run_tasks_parallel": {"executed_lines": [], "summary": {"covered_lines": 0, "num_statements": 5, "percent_covered": 0.0, "percent_covered_display": "0", "missing_lines": 5, "excluded_lines": 0, "percent_statements_covered": 0.0, "percent_statements_covered_display": "0", "num_branches": 0, "num_partial_branches": 0, "covered_branches": 0, "missing_branches": 0, "percent_branches_covered": 100.0, "percent_branches_covered_display": "100"}, "missing_lines": [503, 506, 510, 513, 516], "excluded_lines": [], "start_line": 487, "executed_branches": [], "missing_branches": []}, "": {"executed_lines": [11, 12, 13, 14, 15, 16, 17, 18, 19, 22, 24, 25, 26, 27, 28, 31, 32, 42, 43, 44, 45, 46, 47, 48, 51, 52, 53, 54, 55, 56, 58, 62, 63, 71, 72, 75, 87, 97, 102, 108, 127, 136, 140, 144, 147, 151, 152, 154, 155, 156, 157, 158, 159, 160, 161, 163, 171, 175, 187, 225, 226, 245, 284, 295, 309, 332, 382, 411, 436, 452, 461, 479, 487], "summary": {"covered_lines": 73, "num_statements": 73, "percent_covered": 100.0, "percent_covered_display": "100", "missing_lines": 0, "excluded_lines": 0, "percent_statements_covered": 100.0, "percent_statements_covered_display": "100", "num_branches": 0, "num_partial_branches": 0, "covered_branches": 0, "missing_branches": 0, "percent_branches_covered": 100.0, "percent_branches_covered_display": "100"}, "missing_lines": [], "excluded_lines": [], "start_line": 1, "executed_branches": [], "missing_branches": []}}, "classes": {"TaskPriority": {"executed_lines": [], "summary": {"covered_lines": 0, "num_statements": 0, "percent_covered": 100.0, "percent_covered_display": "100", "missing_lines": 0, "excluded_lines": 0, "percent_statements_covered": 100.0, "percent_statements_covered_display": "100", "num_branches": 0, "num_partial_branches": 0, "covered_branches": 0, "missing_branches": 0, "percent_branches_covered": 100.0, "percent_branches_covered_display": "100"}, "missing_lines": [], "excluded_lines": [], "start_line": 22, "executed_branches": [], "missing_branches": []}, "PriorityTask": {"executed_lines": [60, 65, 66, 67, 69, 76], "summary": {"covered_lines": 6, "num_statements": 8, "percent_covered": 75.0, "percent_covered_display": "75", "missing_lines": 2, "excluded_lines": 0, "percent_statements_covered": 75.0, "percent_statements_covered_display": "75", "num_branches": 4, "num_partial_branches": 1, "covered_branches": 3, "missing_branches": 1, "percent_branches_covered": 75.0, "percent_branches_covered_display": "75"}, "missing_lines": [68, 73], "excluded_lines": [], "start_line": 32, "executed_branches": [[65, 66], [65, 67], [67, 69]], "missing_branches": [[67, 68]]}, "PriorityQueue": {"executed_lines": [98, 99, 100, 104, 105, 106, 110, 111, 114, 118, 119, 129, 134, 138, 148], "summary": {"covered_lines": 15, "num_statements": 25, "percent_covered": 51.351351351351354, "percent_covered_display": "51", "missing_lines": 10, "excluded_lines": 0, "percent_statements_covered": 60.0, "percent_statements_covered_display": "60", "num_branches": 12, "num_partial_branches": 4, "covered_branches": 4, "missing_branches": 8, "percent_branches_covered": 33.333333333333336, "percent_branches_covered_display": "33"}, "missing_lines": [115, 122, 123, 125, 130, 131, 132, 133, 142, 145], "excluded_lines": [], "start_line": 87, "executed_branches": [[110, 111], [114, 118], [118, 119], [129, 134]], "missing_branches": [[110, 125], [114, 115], [118, 122], [129, 130], [130, 129], [130, 131], [132, 129], [132, 133]]}, "ExecutionStats": {"executed_lines": [], "summary": {"covered_lines": 0, "num_statements": 6, "percent_covered": 0.0, "percent_covered_display": "0", "missing_lines": 6, "excluded_lines": 0, "percent_statements_covered": 0.0, "percent_statements_covered_display": "0", "num_branches": 0, "num_partial_branches": 0, "covered_branches": 0, "missing_branches": 0, "percent_branches_covered": 100.0, "percent_branches_covered_display": "100"}, "missing_lines": [165, 166, 167, 168, 169, 172], "excluded_lines": [], "start_line": 152, "executed_branches": [], "missing_branches": []}, "ConcurrentExecutor": {"executed_lines": [207, 208, 209, 210, 211, 212, 214, 215, 216, 217, 218, 219, 220, 221, 223, 228, 229, 230, 231, 233, 235, 270, 272, 282, 286, 287, 288, 291, 293, 297, 298, 299, 300, 301, 304, 306, 307, 311, 315, 316, 319, 321, 322, 325, 326, 330, 334, 335, 336, 338, 339, 341, 344, 346, 348, 350, 356, 357, 358, 360, 361, 362, 363, 364, 366, 368, 371, 380, 413, 415, 416, 417, 422, 423, 425, 428, 430], "summary": {"covered_lines": 77, "num_statements": 132, "percent_covered": 52.84090909090909, "percent_covered_display": "53", "missing_lines": 55, "excluded_lines": 0, "percent_statements_covered": 58.333333333333336, "percent_statements_covered_display": "58", "num_branches": 44, "num_partial_branches": 8, "covered_branches": 16, "missing_branches": 28, "percent_branches_covered": 36.36363636363637, "percent_branches_covered_display": "36"}, "missing_lines": [312, 323, 327, 342, 367, 369, 373, 374, 376, 377, 384, 385, 387, 389, 390, 391, 392, 393, 396, 397, 399, 400, 401, 402, 404, 405, 406, 407, 409, 426, 438, 440, 441, 442, 443, 444, 445, 447, 448, 450, 454, 455, 456, 457, 458, 459, 463, 466, 467, 468, 469, 470, 471, 472, 474], "excluded_lines": [], "start_line": 175, "executed_branches": [[299, 300], [299, 304], [311, 315], [315, 316], [315, 319], [319, -309], [319, 321], [322, 325], [326, 330], [341, 344], [363, 364], [366, 368], [368, 371], [422, 423], [422, 425], [425, 428]], "missing_branches": [[311, 312], [322, 323], [326, 327], [341, 342], [363, 366], [366, 367], [368, 369], [387, 389], [387, 396], [401, 402], [401, 404], [404, 405], [404, 406], [406, 407], [406, 409], [425, 426], [442, 443], [442, 444], [444, 445], [444, 447], [447, 448], [447, 450], [455, 456], [455, 459], [467, 468], [467, 472], [470, 467], [470, 471]]}, "": {"executed_lines": [11, 12, 13, 14, 15, 16, 17, 18, 19, 22, 24, 25, 26, 27, 28, 31, 32, 42, 43, 44, 45, 46, 47, 48, 51, 52, 53, 54, 55, 56, 58, 62, 63, 71, 72, 75, 87, 97, 102, 108, 127, 136, 140, 144, 147, 151, 152, 154, 155, 156, 157, 158, 159, 160, 161, 163, 171, 175, 187, 225, 226, 245, 284, 295, 309, 332, 382, 411, 436, 452, 461, 479, 487], "summary": {"covered_lines": 73, "num_statements": 79, "percent_covered": 92.40506329113924, "percent_covered_display": "92", "missing_lines": 6, "excluded_lines": 0, "percent_statements_covered": 92.40506329113924, "percent_statements_covered_display": "92", "num_branches": 0, "num_partial_branches": 0, "covered_branches": 0, "missing_branches": 0, "percent_branches_covered": 100.0, "percent_branches_covered_display": "100"}, "missing_lines": [484, 503, 506, 510, 513, 516], "excluded_lines": [], "start_line": 1, "executed_branches": [], "missing_branches": []}}}, "sprintcycle/agents/playwright_integration.py": {"executed_lines": [5, 6, 7, 8, 9, 10, 11, 13, 15, 18, 19, 21, 22, 23, 24, 25, 26, 28, 34, 35, 46, 55, 65, 76, 90, 112, 135, 150, 155, 162, 226, 278, 333, 422, 507, 556], "summary": {"covered_lines": 36, "num_statements": 256, "percent_covered": 10.843373493975903, "percent_covered_display": "11", "missing_lines": 220, "excluded_lines": 0, "percent_statements_covered": 14.0625, "percent_statements_covered_display": "14", "num_branches": 76, "num_partial_branches": 0, "covered_branches": 0, "missing_branches": 76, "percent_branches_covered": 0.0, "percent_branches_covered_display": "0"}, "missing_lines": [29, 30, 31, 32, 37, 48, 49, 50, 51, 52, 53, 57, 58, 59, 60, 61, 62, 63, 67, 68, 69, 70, 71, 72, 73, 97, 98, 99, 100, 101, 102, 103, 104, 105, 106, 107, 110, 114, 115, 117, 118, 119, 120, 121, 125, 128, 130, 131, 132, 133, 137, 138, 139, 140, 141, 142, 143, 144, 145, 146, 147, 148, 152, 153, 157, 158, 164, 166, 167, 169, 171, 174, 176, 179, 182, 183, 186, 187, 200, 214, 215, 216, 232, 235, 237, 238, 240, 242, 243, 244, 246, 259, 268, 269, 285, 288, 290, 291, 292, 294, 296, 297, 298, 299, 300, 303, 304, 305, 307, 308, 315, 324, 325, 340, 343, 345, 347, 348, 350, 351, 361, 362, 363, 373, 374, 377, 378, 381, 383, 384, 385, 399, 411, 412, 428, 431, 433, 434, 435, 436, 438, 440, 447, 448, 449, 450, 451, 452, 453, 454, 455, 457, 458, 459, 462, 463, 464, 466, 467, 468, 469, 470, 472, 474, 475, 476, 478, 480, 481, 483, 497, 498, 509, 512, 514, 516, 518, 519, 522, 523, 524, 525, 527, 540, 548, 549, 562, 564, 565, 567, 569, 570, 571, 573, 574, 575, 577, 578, 579, 581, 582, 588, 589, 591, 592, 593, 594, 595, 601, 602, 603, 604, 610, 611, 613, 614, 615, 617, 630, 631], "excluded_lines": [], "executed_branches": [], "missing_branches": [[29, 30], [29, 31], [31, -28], [31, 32], [49, 50], [49, 51], [51, 52], [51, 53], [59, 60], [59, 61], [61, 62], [61, 63], [69, 70], [69, 71], [71, 72], [71, 73], [99, 100], [99, 102], [114, 115], [114, 117], [137, 138], [137, 140], [140, 141], [140, 143], [143, 144], [143, 146], [146, -135], [146, 147], [152, -150], [152, 153], [186, 187], [186, 200], [240, 242], [240, 259], [294, 296], [294, 303], [297, 298], [297, 307], [307, 308], [307, 315], [350, 351], [350, 361], [362, 363], [362, 373], [383, 384], [383, 399], [438, 440], [438, 480], [448, 449], [448, 457], [451, 448], [451, 452], [457, 458], [457, 478], [462, 463], [462, 467], [463, 464], [463, 466], [467, 468], [467, 469], [469, 470], [469, 472], [518, 519], [518, 540], [573, 574], [573, 613], [577, 578], [577, 591], [588, 573], [588, 589], [591, 592], [591, 601], [601, 573], [601, 602], [610, 573], [610, 611]], "functions": {"AccessibilityNode.__post_init__": {"executed_lines": [], "summary": {"covered_lines": 0, "num_statements": 4, "percent_covered": 0.0, "percent_covered_display": "0", "missing_lines": 4, "excluded_lines": 0, "percent_statements_covered": 0.0, "percent_statements_covered_display": "0", "num_branches": 4, "num_partial_branches": 0, "covered_branches": 0, "missing_branches": 4, "percent_branches_covered": 0.0, "percent_branches_covered_display": "0"}, "missing_lines": [29, 30, 31, 32], "excluded_lines": [], "start_line": 28, "executed_branches": [], "missing_branches": [[29, 30], [29, 31], [31, -28], [31, 32]]}, "AccessibilityNode.from_dict": {"executed_lines": [], "summary": {"covered_lines": 0, "num_statements": 1, "percent_covered": 0.0, "percent_covered_display": "0", "missing_lines": 1, "excluded_lines": 0, "percent_statements_covered": 0.0, "percent_statements_covered_display": "0", "num_branches": 0, "num_partial_branches": 0, "covered_branches": 0, "missing_branches": 0, "percent_branches_covered": 100.0, "percent_branches_covered_display": "100"}, "missing_lines": [37], "excluded_lines": [], "start_line": 35, "executed_branches": [], "missing_branches": []}, "AccessibilityNode.find_by_role": {"executed_lines": [], "summary": {"covered_lines": 0, "num_statements": 6, "percent_covered": 0.0, "percent_covered_display": "0", "missing_lines": 6, "excluded_lines": 0, "percent_statements_covered": 0.0, "percent_statements_covered_display": "0", "num_branches": 4, "num_partial_branches": 0, "covered_branches": 0, "missing_branches": 4, "percent_branches_covered": 0.0, "percent_branches_covered_display": "0"}, "missing_lines": [48, 49, 50, 51, 52, 53], "excluded_lines": [], "start_line": 46, "executed_branches": [], "missing_branches": [[49, 50], [49, 51], [51, 52], [51, 53]]}, "AccessibilityNode.find_by_text": {"executed_lines": [], "summary": {"covered_lines": 0, "num_statements": 7, "percent_covered": 0.0, "percent_covered_display": "0", "missing_lines": 7, "excluded_lines": 0, "percent_statements_covered": 0.0, "percent_statements_covered_display": "0", "num_branches": 4, "num_partial_branches": 0, "covered_branches": 0, "missing_branches": 4, "percent_branches_covered": 0.0, "percent_branches_covered_display": "0"}, "missing_lines": [57, 58, 59, 60, 61, 62, 63], "excluded_lines": [], "start_line": 55, "executed_branches": [], "missing_branches": [[59, 60], [59, 61], [61, 62], [61, 63]]}, "AccessibilityNode.to_text": {"executed_lines": [], "summary": {"covered_lines": 0, "num_statements": 7, "percent_covered": 0.0, "percent_covered_display": "0", "missing_lines": 7, "excluded_lines": 0, "percent_statements_covered": 0.0, "percent_statements_covered_display": "0", "num_branches": 4, "num_partial_branches": 0, "covered_branches": 0, "missing_branches": 4, "percent_branches_covered": 0.0, "percent_branches_covered_display": "0"}, "missing_lines": [67, 68, 69, 70, 71, 72, 73], "excluded_lines": [], "start_line": 65, "executed_branches": [], "missing_branches": [[69, 70], [69, 71], [71, 72], [71, 73]]}, "PlaywrightClient.__init__": {"executed_lines": [], "summary": {"covered_lines": 0, "num_statements": 12, "percent_covered": 0.0, "percent_covered_display": "0", "missing_lines": 12, "excluded_lines": 0, "percent_statements_covered": 0.0, "percent_statements_covered_display": "0", "num_branches": 2, "num_partial_branches": 0, "covered_branches": 0, "missing_branches": 2, "percent_branches_covered": 0.0, "percent_branches_covered_display": "0"}, "missing_lines": [97, 98, 99, 100, 101, 102, 103, 104, 105, 106, 107, 110], "excluded_lines": [], "start_line": 90, "executed_branches": [], "missing_branches": [[99, 100], [99, 102]]}, "PlaywrightClient.initialize": {"executed_lines": [], "summary": {"covered_lines": 0, "num_statements": 13, "percent_covered": 0.0, "percent_covered_display": "0", "missing_lines": 13, "excluded_lines": 0, "percent_statements_covered": 0.0, "percent_statements_covered_display": "0", "num_branches": 2, "num_partial_branches": 0, "covered_branches": 0, "missing_branches": 2, "percent_branches_covered": 0.0, "percent_branches_covered_display": "0"}, "missing_lines": [114, 115, 117, 118, 119, 120, 121, 125, 128, 130, 131, 132, 133], "excluded_lines": [], "start_line": 112, "executed_branches": [], "missing_branches": [[114, 115], [114, 117]]}, "PlaywrightClient.close": {"executed_lines": [], "summary": {"covered_lines": 0, "num_statements": 12, "percent_covered": 0.0, "percent_covered_display": "0", "missing_lines": 12, "excluded_lines": 0, "percent_statements_covered": 0.0, "percent_statements_covered_display": "0", "num_branches": 8, "num_partial_branches": 0, "covered_branches": 0, "missing_branches": 8, "percent_branches_covered": 0.0, "percent_branches_covered_display": "0"}, "missing_lines": [137, 138, 139, 140, 141, 142, 143, 144, 145, 146, 147, 148], "excluded_lines": [], "start_line": 135, "executed_branches": [], "missing_branches": [[137, 138], [137, 140], [140, 141], [140, 143], [143, 144], [143, 146], [146, -135], [146, 147]]}, "PlaywrightClient._ensure_page": {"executed_lines": [], "summary": {"covered_lines": 0, "num_statements": 2, "percent_covered": 0.0, "percent_covered_display": "0", "missing_lines": 2, "excluded_lines": 0, "percent_statements_covered": 0.0, "percent_statements_covered_display": "0", "num_branches": 2, "num_partial_branches": 0, "covered_branches": 0, "missing_branches": 2, "percent_branches_covered": 0.0, "percent_branches_covered_display": "0"}, "missing_lines": [152, 153], "excluded_lines": [], "start_line": 150, "executed_branches": [], "missing_branches": [[152, -150], [152, 153]]}, "PlaywrightClient._generate_screenshot_path": {"executed_lines": [], "summary": {"covered_lines": 0, "num_statements": 2, "percent_covered": 0.0, "percent_covered_display": "0", "missing_lines": 2, "excluded_lines": 0, "percent_statements_covered": 0.0, "percent_statements_covered_display": "0", "num_branches": 0, "num_partial_branches": 0, "covered_branches": 0, "missing_branches": 0, "percent_branches_covered": 100.0, "percent_branches_covered_display": "100"}, "missing_lines": [157, 158], "excluded_lines": [], "start_line": 155, "executed_branches": [], "missing_branches": []}, "PlaywrightClient.verify_page_load": {"executed_lines": [], "summary": {"covered_lines": 0, "num_statements": 16, "percent_covered": 0.0, "percent_covered_display": "0", "missing_lines": 16, "excluded_lines": 0, "percent_statements_covered": 0.0, "percent_statements_covered_display": "0", "num_branches": 2, "num_partial_branches": 0, "covered_branches": 0, "missing_branches": 2, "percent_branches_covered": 0.0, "percent_branches_covered_display": "0"}, "missing_lines": [164, 166, 167, 169, 171, 174, 176, 179, 182, 183, 186, 187, 200, 214, 215, 216], "excluded_lines": [], "start_line": 162, "executed_branches": [], "missing_branches": [[186, 187], [186, 200]]}, "PlaywrightClient.verify_element_exists": {"executed_lines": [], "summary": {"covered_lines": 0, "num_statements": 12, "percent_covered": 0.0, "percent_covered_display": "0", "missing_lines": 12, "excluded_lines": 0, "percent_statements_covered": 0.0, "percent_statements_covered_display": "0", "num_branches": 2, "num_partial_branches": 0, "covered_branches": 0, "missing_branches": 2, "percent_branches_covered": 0.0, "percent_branches_covered_display": "0"}, "missing_lines": [232, 235, 237, 238, 240, 242, 243, 244, 246, 259, 268, 269], "excluded_lines": [], "start_line": 226, "executed_branches": [], "missing_branches": [[240, 242], [240, 259]]}, "PlaywrightClient.verify_text_content": {"executed_lines": [], "summary": {"covered_lines": 0, "num_statements": 19, "percent_covered": 0.0, "percent_covered_display": "0", "missing_lines": 19, "excluded_lines": 0, "percent_statements_covered": 0.0, "percent_statements_covered_display": "0", "num_branches": 6, "num_partial_branches": 0, "covered_branches": 0, "missing_branches": 6, "percent_branches_covered": 0.0, "percent_branches_covered_display": "0"}, "missing_lines": [285, 288, 290, 291, 292, 294, 296, 297, 298, 299, 300, 303, 304, 305, 307, 308, 315, 324, 325], "excluded_lines": [], "start_line": 278, "executed_branches": [], "missing_branches": [[294, 296], [294, 303], [297, 298], [297, 307], [307, 308], [307, 315]]}, "PlaywrightClient.verify_click_interaction": {"executed_lines": [], "summary": {"covered_lines": 0, "num_statements": 21, "percent_covered": 0.0, "percent_covered_display": "0", "missing_lines": 21, "excluded_lines": 0, "percent_statements_covered": 0.0, "percent_statements_covered_display": "0", "num_branches": 6, "num_partial_branches": 0, "covered_branches": 0, "missing_branches": 6, "percent_branches_covered": 0.0, "percent_branches_covered_display": "0"}, "missing_lines": [340, 343, 345, 347, 348, 350, 351, 361, 362, 363, 373, 374, 377, 378, 381, 383, 384, 385, 399, 411, 412], "excluded_lines": [], "start_line": 333, "executed_branches": [], "missing_branches": [[350, 351], [350, 361], [362, 363], [362, 373], [383, 384], [383, 399]]}, "PlaywrightClient.verify_form_fill": {"executed_lines": [], "summary": {"covered_lines": 0, "num_statements": 38, "percent_covered": 0.0, "percent_covered_display": "0", "missing_lines": 38, "excluded_lines": 0, "percent_statements_covered": 0.0, "percent_statements_covered_display": "0", "num_branches": 16, "num_partial_branches": 0, "covered_branches": 0, "missing_branches": 16, "percent_branches_covered": 0.0, "percent_branches_covered_display": "0"}, "missing_lines": [428, 431, 433, 434, 435, 436, 438, 440, 447, 448, 449, 450, 451, 452, 453, 454, 455, 457, 458, 459, 462, 463, 464, 466, 467, 468, 469, 470, 472, 474, 475, 476, 478, 480, 481, 483, 497, 498], "excluded_lines": [], "start_line": 422, "executed_branches": [], "missing_branches": [[438, 440], [438, 480], [448, 449], [448, 457], [451, 448], [451, 452], [457, 458], [457, 478], [462, 463], [462, 467], [463, 464], [463, 466], [467, 468], [467, 469], [469, 470], [469, 472]]}, "PlaywrightClient.get_accessibility_tree": {"executed_lines": [], "summary": {"covered_lines": 0, "num_statements": 14, "percent_covered": 0.0, "percent_covered_display": "0", "missing_lines": 14, "excluded_lines": 0, "percent_statements_covered": 0.0, "percent_statements_covered_display": "0", "num_branches": 2, "num_partial_branches": 0, "covered_branches": 0, "missing_branches": 2, "percent_branches_covered": 0.0, "percent_branches_covered_display": "0"}, "missing_lines": [509, 512, 514, 516, 518, 519, 522, 523, 524, 525, 527, 540, 548, 549], "excluded_lines": [], "start_line": 507, "executed_branches": [], "missing_branches": [[518, 519], [518, 540]]}, "PlaywrightClient.verify_navigation_flow": {"executed_lines": [], "summary": {"covered_lines": 0, "num_statements": 34, "percent_covered": 0.0, "percent_covered_display": "0", "missing_lines": 34, "excluded_lines": 0, "percent_statements_covered": 0.0, "percent_statements_covered_display": "0", "num_branches": 12, "num_partial_branches": 0, "covered_branches": 0, "missing_branches": 12, "percent_branches_covered": 0.0, "percent_branches_covered_display": "0"}, "missing_lines": [562, 564, 565, 567, 569, 570, 571, 573, 574, 575, 577, 578, 579, 581, 582, 588, 589, 591, 592, 593, 594, 595, 601, 602, 603, 604, 610, 611, 613, 614, 615, 617, 630, 631], "excluded_lines": [], "start_line": 556, "executed_branches": [], "missing_branches": [[573, 574], [573, 613], [577, 578], [577, 591], [588, 573], [588, 589], [591, 592], [591, 601], [601, 573], [601, 602], [610, 573], [610, 611]]}, "": {"executed_lines": [5, 6, 7, 8, 9, 10, 11, 13, 15, 18, 19, 21, 22, 23, 24, 25, 26, 28, 34, 35, 46, 55, 65, 76, 90, 112, 135, 150, 155, 162, 226, 278, 333, 422, 507, 556], "summary": {"covered_lines": 36, "num_statements": 36, "percent_covered": 100.0, "percent_covered_display": "100", "missing_lines": 0, "excluded_lines": 0, "percent_statements_covered": 100.0, "percent_statements_covered_display": "100", "num_branches": 0, "num_partial_branches": 0, "covered_branches": 0, "missing_branches": 0, "percent_branches_covered": 100.0, "percent_branches_covered_display": "100"}, "missing_lines": [], "excluded_lines": [], "start_line": 1, "executed_branches": [], "missing_branches": []}}, "classes": {"AccessibilityNode": {"executed_lines": [], "summary": {"covered_lines": 0, "num_statements": 25, "percent_covered": 0.0, "percent_covered_display": "0", "missing_lines": 25, "excluded_lines": 0, "percent_statements_covered": 0.0, "percent_statements_covered_display": "0", "num_branches": 16, "num_partial_branches": 0, "covered_branches": 0, "missing_branches": 16, "percent_branches_covered": 0.0, "percent_branches_covered_display": "0"}, "missing_lines": [29, 30, 31, 32, 37, 48, 49, 50, 51, 52, 53, 57, 58, 59, 60, 61, 62, 63, 67, 68, 69, 70, 71, 72, 73], "excluded_lines": [], "start_line": 19, "executed_branches": [], "missing_branches": [[29, 30], [29, 31], [31, -28], [31, 32], [49, 50], [49, 51], [51, 52], [51, 53], [59, 60], [59, 61], [61, 62], [61, 63], [69, 70], [69, 71], [71, 72], [71, 73]]}, "PlaywrightClient": {"executed_lines": [], "summary": {"covered_lines": 0, "num_statements": 195, "percent_covered": 0.0, "percent_covered_display": "0", "missing_lines": 195, "excluded_lines": 0, "percent_statements_covered": 0.0, "percent_statements_covered_display": "0", "num_branches": 60, "num_partial_branches": 0, "covered_branches": 0, "missing_branches": 60, "percent_branches_covered": 0.0, "percent_branches_covered_display": "0"}, "missing_lines": [97, 98, 99, 100, 101, 102, 103, 104, 105, 106, 107, 110, 114, 115, 117, 118, 119, 120, 121, 125, 128, 130, 131, 132, 133, 137, 138, 139, 140, 141, 142, 143, 144, 145, 146, 147, 148, 152, 153, 157, 158, 164, 166, 167, 169, 171, 174, 176, 179, 182, 183, 186, 187, 200, 214, 215, 216, 232, 235, 237, 238, 240, 242, 243, 244, 246, 259, 268, 269, 285, 288, 290, 291, 292, 294, 296, 297, 298, 299, 300, 303, 304, 305, 307, 308, 315, 324, 325, 340, 343, 345, 347, 348, 350, 351, 361, 362, 363, 373, 374, 377, 378, 381, 383, 384, 385, 399, 411, 412, 428, 431, 433, 434, 435, 436, 438, 440, 447, 448, 449, 450, 451, 452, 453, 454, 455, 457, 458, 459, 462, 463, 464, 466, 467, 468, 469, 470, 472, 474, 475, 476, 478, 480, 481, 483, 497, 498, 509, 512, 514, 516, 518, 519, 522, 523, 524, 525, 527, 540, 548, 549, 562, 564, 565, 567, 569, 570, 571, 573, 574, 575, 577, 578, 579, 581, 582, 588, 589, 591, 592, 593, 594, 595, 601, 602, 603, 604, 610, 611, 613, 614, 615, 617, 630, 631], "excluded_lines": [], "start_line": 76, "executed_branches": [], "missing_branches": [[99, 100], [99, 102], [114, 115], [114, 117], [137, 138], [137, 140], [140, 141], [140, 143], [143, 144], [143, 146], [146, -135], [146, 147], [152, -150], [152, 153], [186, 187], [186, 200], [240, 242], [240, 259], [294, 296], [294, 303], [297, 298], [297, 307], [307, 308], [307, 315], [350, 351], [350, 361], [362, 363], [362, 373], [383, 384], [383, 399], [438, 440], [438, 480], [448, 449], [448, 457], [451, 448], [451, 452], [457, 458], [457, 478], [462, 463], [462, 467], [463, 464], [463, 466], [467, 468], [467, 469], [469, 470], [469, 472], [518, 519], [518, 540], [573, 574], [573, 613], [577, 578], [577, 591], [588, 573], [588, 589], [591, 592], [591, 601], [601, 573], [601, 602], [610, 573], [610, 611]]}, "": {"executed_lines": [5, 6, 7, 8, 9, 10, 11, 13, 15, 18, 19, 21, 22, 23, 24, 25, 26, 28, 34, 35, 46, 55, 65, 76, 90, 112, 135, 150, 155, 162, 226, 278, 333, 422, 507, 556], "summary": {"covered_lines": 36, "num_statements": 36, "percent_covered": 100.0, "percent_covered_display": "100", "missing_lines": 0, "excluded_lines": 0, "percent_statements_covered": 100.0, "percent_statements_covered_display": "100", "num_branches": 0, "num_partial_branches": 0, "covered_branches": 0, "missing_branches": 0, "percent_branches_covered": 100.0, "percent_branches_covered_display": "100"}, "missing_lines": [], "excluded_lines": [], "start_line": 1, "executed_branches": [], "missing_branches": []}}}, "sprintcycle/agents/self_evolution_agent.py": {"executed_lines": [13, 14, 15, 16, 17, 18, 19, 21, 23, 26, 28, 29, 30, 31, 32, 35, 37, 38, 39, 42, 43, 45, 46, 47, 48, 49, 50, 51, 52, 54, 55, 57, 58, 59, 62, 63, 65, 66, 67, 68, 69, 71, 72, 81, 102, 103, 106, 107, 109, 123, 124, 125, 132, 133, 134, 136, 137, 138, 141, 143, 145, 162, 163, 165, 167, 169, 170, 171, 174, 175, 176, 179, 180, 181, 184, 185, 186, 189, 190, 193, 195, 202, 203, 215, 228, 231, 232, 238, 239, 245, 246, 252, 253, 258, 265, 267, 268, 271, 272, 274, 275, 276, 277, 281, 287, 289, 291, 307, 313, 315, 316, 318, 319, 321, 327, 332, 335, 337, 347, 352, 362, 364, 365, 366, 368, 369, 370, 371, 381, 382, 383, 391, 398, 408, 410, 411, 412, 438, 477, 486, 489, 490, 497, 498, 505, 506, 512, 514, 521, 523, 525, 526, 534, 544, 546, 548, 563, 565, 567, 568, 569, 571, 575, 577, 590, 592, 594, 595, 596, 597, 599, 602, 604, 606, 608, 609, 610, 614, 616, 618, 620, 623, 624, 625, 627, 629, 631, 638, 660], "summary": {"covered_lines": 189, "num_statements": 263, "percent_covered": 66.77115987460814, "percent_covered_display": "67", "missing_lines": 74, "excluded_lines": 0, "percent_statements_covered": 71.86311787072243, "percent_statements_covered_display": "72", "num_branches": 56, "num_partial_branches": 10, "covered_branches": 24, "missing_branches": 32, "percent_branches_covered": 42.857142857142854, "percent_branches_covered_display": "43"}, "missing_lines": [205, 206, 207, 269, 278, 279, 292, 293, 295, 296, 297, 299, 304, 305, 320, 323, 324, 325, 338, 339, 340, 344, 345, 384, 419, 420, 421, 423, 425, 426, 427, 431, 448, 449, 451, 452, 453, 456, 457, 460, 463, 464, 465, 467, 468, 469, 470, 472, 473, 475, 539, 540, 541, 542, 549, 550, 551, 552, 553, 554, 555, 560, 561, 572, 573, 600, 611, 612, 648, 650, 651, 652, 655, 656], "excluded_lines": [], "executed_branches": [[268, 271], [274, 275], [274, 281], [291, 307], [319, 321], [321, 327], [337, 347], [364, 365], [364, 391], [368, 369], [368, 381], [370, 371], [381, 364], [381, 382], [383, 364], [410, 411], [548, 563], [594, 595], [594, 599], [595, 594], [595, 596], [599, 602], [608, 609], [608, 614]], "missing_branches": [[268, 269], [291, 292], [319, 320], [321, 323], [324, 325], [324, 327], [337, 338], [370, 364], [383, 384], [410, 419], [419, 420], [419, 431], [423, 419], [423, 425], [426, 419], [426, 427], [451, 452], [451, 456], [464, 465], [464, 472], [465, 464], [465, 467], [468, 464], [468, 469], [472, 473], [472, 475], [548, 549], [553, 554], [553, 563], [599, 600], [650, 651], [650, 655]], "functions": {"EvolutionSnapshot.to_dict": {"executed_lines": [55], "summary": {"covered_lines": 1, "num_statements": 1, "percent_covered": 100.0, "percent_covered_display": "100", "missing_lines": 0, "excluded_lines": 0, "percent_statements_covered": 100.0, "percent_statements_covered_display": "100", "num_branches": 0, "num_partial_branches": 0, "covered_branches": 0, "missing_branches": 0, "percent_branches_covered": 100.0, "percent_branches_covered_display": "100"}, "missing_lines": [], "excluded_lines": [], "start_line": 54, "executed_branches": [], "missing_branches": []}, "EvolutionSnapshot.from_dict": {"executed_lines": [59], "summary": {"covered_lines": 1, "num_statements": 1, "percent_covered": 100.0, "percent_covered_display": "100", "missing_lines": 0, "excluded_lines": 0, "percent_statements_covered": 100.0, "percent_statements_covered_display": "100", "num_branches": 0, "num_partial_branches": 0, "covered_branches": 0, "missing_branches": 0, "percent_branches_covered": 100.0, "percent_branches_covered_display": "100"}, "missing_lines": [], "excluded_lines": [], "start_line": 58, "executed_branches": [], "missing_branches": []}, "EvolutionResult.to_dict": {"executed_lines": [72], "summary": {"covered_lines": 1, "num_statements": 1, "percent_covered": 100.0, "percent_covered_display": "100", "missing_lines": 0, "excluded_lines": 0, "percent_statements_covered": 100.0, "percent_statements_covered_display": "100", "num_branches": 0, "num_partial_branches": 0, "covered_branches": 0, "missing_branches": 0, "percent_branches_covered": 100.0, "percent_branches_covered_display": "100"}, "missing_lines": [], "excluded_lines": [], "start_line": 71, "executed_branches": [], "missing_branches": []}, "SelfEvolutionAgent.__init__": {"executed_lines": [123, 124, 125, 132, 133, 134, 136, 137, 138, 141, 143], "summary": {"covered_lines": 11, "num_statements": 11, "percent_covered": 100.0, "percent_covered_display": "100", "missing_lines": 0, "excluded_lines": 0, "percent_statements_covered": 100.0, "percent_statements_covered_display": "100", "num_branches": 0, "num_partial_branches": 0, "covered_branches": 0, "missing_branches": 0, "percent_branches_covered": 100.0, "percent_branches_covered_display": "100"}, "missing_lines": [], "excluded_lines": [], "start_line": 109, "executed_branches": [], "missing_branches": []}, "SelfEvolutionAgent.evolve": {"executed_lines": [162, 163, 165, 167, 169, 170, 171, 174, 175, 176, 179, 180, 181, 184, 185, 186, 189, 190, 193, 195, 202, 203], "summary": {"covered_lines": 22, "num_statements": 25, "percent_covered": 88.0, "percent_covered_display": "88", "missing_lines": 3, "excluded_lines": 0, "percent_statements_covered": 88.0, "percent_statements_covered_display": "88", "num_branches": 0, "num_partial_branches": 0, "covered_branches": 0, "missing_branches": 0, "percent_branches_covered": 100.0, "percent_branches_covered_display": "100"}, "missing_lines": [205, 206, 207], "excluded_lines": [], "start_line": 145, "executed_branches": [], "missing_branches": []}, "SelfEvolutionAgent._analyze_framework": {"executed_lines": [228, 231, 232, 238, 239, 245, 246, 252, 253, 258], "summary": {"covered_lines": 10, "num_statements": 10, "percent_covered": 100.0, "percent_covered_display": "100", "missing_lines": 0, "excluded_lines": 0, "percent_statements_covered": 100.0, "percent_statements_covered_display": "100", "num_branches": 0, "num_partial_branches": 0, "covered_branches": 0, "missing_branches": 0, "percent_branches_covered": 100.0, "percent_branches_covered_display": "100"}, "missing_lines": [], "excluded_lines": [], "start_line": 215, "executed_branches": [], "missing_branches": []}, "SelfEvolutionAgent._analyze_structure": {"executed_lines": [267, 268, 271, 272, 274, 275, 276, 277, 281], "summary": {"covered_lines": 9, "num_statements": 12, "percent_covered": 75.0, "percent_covered_display": "75", "missing_lines": 3, "excluded_lines": 0, "percent_statements_covered": 75.0, "percent_statements_covered_display": "75", "num_branches": 4, "num_partial_branches": 1, "covered_branches": 3, "missing_branches": 1, "percent_branches_covered": 75.0, "percent_branches_covered_display": "75"}, "missing_lines": [269, 278, 279], "excluded_lines": [], "start_line": 265, "executed_branches": [[268, 271], [274, 275], [274, 281]], "missing_branches": [[268, 269]]}, "SelfEvolutionAgent._analyze_coverage": {"executed_lines": [289, 291, 307], "summary": {"covered_lines": 3, "num_statements": 11, "percent_covered": 30.76923076923077, "percent_covered_display": "31", "missing_lines": 8, "excluded_lines": 0, "percent_statements_covered": 27.272727272727273, "percent_statements_covered_display": "27", "num_branches": 2, "num_partial_branches": 1, "covered_branches": 1, "missing_branches": 1, "percent_branches_covered": 50.0, "percent_branches_covered_display": "50"}, "missing_lines": [292, 293, 295, 296, 297, 299, 304, 305], "excluded_lines": [], "start_line": 287, "executed_branches": [[291, 307]], "missing_branches": [[291, 292]]}, "SelfEvolutionAgent._analyze_dependencies": {"executed_lines": [315, 316, 318, 319, 321, 327], "summary": {"covered_lines": 6, "num_statements": 10, "percent_covered": 50.0, "percent_covered_display": "50", "missing_lines": 4, "excluded_lines": 0, "percent_statements_covered": 60.0, "percent_statements_covered_display": "60", "num_branches": 6, "num_partial_branches": 2, "covered_branches": 2, "missing_branches": 4, "percent_branches_covered": 33.333333333333336, "percent_branches_covered_display": "33"}, "missing_lines": [320, 323, 324, 325], "excluded_lines": [], "start_line": 313, "executed_branches": [[319, 321], [321, 327]], "missing_branches": [[319, 320], [321, 323], [324, 325], [324, 327]]}, "SelfEvolutionAgent._analyze_performance": {"executed_lines": [335, 337, 347], "summary": {"covered_lines": 3, "num_statements": 8, "percent_covered": 40.0, "percent_covered_display": "40", "missing_lines": 5, "excluded_lines": 0, "percent_statements_covered": 37.5, "percent_statements_covered_display": "38", "num_branches": 2, "num_partial_branches": 1, "covered_branches": 1, "missing_branches": 1, "percent_branches_covered": 50.0, "percent_branches_covered_display": "50"}, "missing_lines": [338, 339, 340, 344, 345], "excluded_lines": [], "start_line": 332, "executed_branches": [[337, 347]], "missing_branches": [[337, 338]]}, "SelfEvolutionAgent._plan_evolution": {"executed_lines": [362, 364, 365, 366, 368, 369, 370, 371, 381, 382, 383, 391], "summary": {"covered_lines": 12, "num_statements": 13, "percent_covered": 86.95652173913044, "percent_covered_display": "87", "missing_lines": 1, "excluded_lines": 0, "percent_statements_covered": 92.3076923076923, "percent_statements_covered_display": "92", "num_branches": 10, "num_partial_branches": 2, "covered_branches": 8, "missing_branches": 2, "percent_branches_covered": 80.0, "percent_branches_covered_display": "80"}, "missing_lines": [384], "excluded_lines": [], "start_line": 352, "executed_branches": [[364, 365], [364, 391], [368, 369], [368, 381], [370, 371], [381, 364], [381, 382], [383, 364]], "missing_branches": [[370, 364], [383, 384]]}, "SelfEvolutionAgent._execute_evolution": {"executed_lines": [408, 410, 411, 412], "summary": {"covered_lines": 4, "num_statements": 12, "percent_covered": 25.0, "percent_covered_display": "25", "missing_lines": 8, "excluded_lines": 0, "percent_statements_covered": 33.333333333333336, "percent_statements_covered_display": "33", "num_branches": 8, "num_partial_branches": 1, "covered_branches": 1, "missing_branches": 7, "percent_branches_covered": 12.5, "percent_branches_covered_display": "12"}, "missing_lines": [419, 420, 421, 423, 425, 426, 427, 431], "excluded_lines": [], "start_line": 398, "executed_branches": [[410, 411]], "missing_branches": [[410, 419], [419, 420], [419, 431], [423, 419], [423, 425], [426, 419], [426, 427]]}, "SelfEvolutionAgent._improve_coverage": {"executed_lines": [], "summary": {"covered_lines": 0, "num_statements": 18, "percent_covered": 0.0, "percent_covered_display": "0", "missing_lines": 18, "excluded_lines": 0, "percent_statements_covered": 0.0, "percent_statements_covered_display": "0", "num_branches": 10, "num_partial_branches": 0, "covered_branches": 0, "missing_branches": 10, "percent_branches_covered": 0.0, "percent_branches_covered_display": "0"}, "missing_lines": [448, 449, 451, 452, 453, 456, 457, 460, 463, 464, 465, 467, 468, 469, 470, 472, 473, 475], "excluded_lines": [], "start_line": 438, "executed_branches": [], "missing_branches": [[451, 452], [451, 456], [464, 465], [464, 472], [465, 464], [465, 467], [468, 464], [468, 469], [472, 473], [472, 475]]}, "SelfEvolutionAgent._validate_evolution": {"executed_lines": [486, 489, 490, 497, 498, 505, 506, 512, 514], "summary": {"covered_lines": 9, "num_statements": 9, "percent_covered": 100.0, "percent_covered_display": "100", "missing_lines": 0, "excluded_lines": 0, "percent_statements_covered": 100.0, "percent_statements_covered_display": "100", "num_branches": 0, "num_partial_branches": 0, "covered_branches": 0, "missing_branches": 0, "percent_branches_covered": 100.0, "percent_branches_covered_display": "100"}, "missing_lines": [], "excluded_lines": [], "start_line": 477, "executed_branches": [], "missing_branches": []}, "SelfEvolutionAgent._run_tests": {"executed_lines": [523, 525, 526, 534], "summary": {"covered_lines": 4, "num_statements": 8, "percent_covered": 50.0, "percent_covered_display": "50", "missing_lines": 4, "excluded_lines": 0, "percent_statements_covered": 50.0, "percent_statements_covered_display": "50", "num_branches": 0, "num_partial_branches": 0, "covered_branches": 0, "missing_branches": 0, "percent_branches_covered": 100.0, "percent_branches_covered_display": "100"}, "missing_lines": [539, 540, 541, 542], "excluded_lines": [], "start_line": 521, "executed_branches": [], "missing_branches": []}, "SelfEvolutionAgent._check_coverage": {"executed_lines": [546, 548, 563], "summary": {"covered_lines": 3, "num_statements": 12, "percent_covered": 25.0, "percent_covered_display": "25", "missing_lines": 9, "excluded_lines": 0, "percent_statements_covered": 25.0, "percent_statements_covered_display": "25", "num_branches": 4, "num_partial_branches": 1, "covered_branches": 1, "missing_branches": 3, "percent_branches_covered": 25.0, "percent_branches_covered_display": "25"}, "missing_lines": [549, 550, 551, 552, 553, 554, 555, 560, 561], "excluded_lines": [], "start_line": 544, "executed_branches": [[548, 563]], "missing_branches": [[548, 549], [553, 554], [553, 563]]}, "SelfEvolutionAgent._check_imports": {"executed_lines": [567, 568, 569, 571], "summary": {"covered_lines": 4, "num_statements": 6, "percent_covered": 66.66666666666667, "percent_covered_display": "67", "missing_lines": 2, "excluded_lines": 0, "percent_statements_covered": 66.66666666666667, "percent_statements_covered_display": "67", "num_branches": 0, "num_partial_branches": 0, "covered_branches": 0, "missing_branches": 0, "percent_branches_covered": 100.0, "percent_branches_covered_display": "100"}, "missing_lines": [572, 573], "excluded_lines": [], "start_line": 565, "executed_branches": [], "missing_branches": []}, "SelfEvolutionAgent._calculate_metrics": {"executed_lines": [577], "summary": {"covered_lines": 1, "num_statements": 1, "percent_covered": 100.0, "percent_covered_display": "100", "missing_lines": 0, "excluded_lines": 0, "percent_statements_covered": 100.0, "percent_statements_covered_display": "100", "num_branches": 0, "num_partial_branches": 0, "covered_branches": 0, "missing_branches": 0, "percent_branches_covered": 100.0, "percent_branches_covered_display": "100"}, "missing_lines": [], "excluded_lines": [], "start_line": 575, "executed_branches": [], "missing_branches": []}, "SelfEvolutionAgent._generate_recommendations": {"executed_lines": [592, 594, 595, 596, 597, 599, 602], "summary": {"covered_lines": 7, "num_statements": 8, "percent_covered": 85.71428571428571, "percent_covered_display": "86", "missing_lines": 1, "excluded_lines": 0, "percent_statements_covered": 87.5, "percent_statements_covered_display": "88", "num_branches": 6, "num_partial_branches": 1, "covered_branches": 5, "missing_branches": 1, "percent_branches_covered": 83.33333333333333, "percent_branches_covered_display": "83"}, "missing_lines": [600], "excluded_lines": [], "start_line": 590, "executed_branches": [[594, 595], [594, 599], [595, 594], [595, 596], [599, 602]], "missing_branches": [[599, 600]]}, "SelfEvolutionAgent._load_history": {"executed_lines": [606, 608, 609, 610, 614], "summary": {"covered_lines": 5, "num_statements": 7, "percent_covered": 77.77777777777777, "percent_covered_display": "78", "missing_lines": 2, "excluded_lines": 0, "percent_statements_covered": 71.42857142857143, "percent_statements_covered_display": "71", "num_branches": 2, "num_partial_branches": 0, "covered_branches": 2, "missing_branches": 0, "percent_branches_covered": 100.0, "percent_branches_covered_display": "100"}, "missing_lines": [611, 612], "excluded_lines": [], "start_line": 604, "executed_branches": [[608, 609], [608, 614]], "missing_branches": []}, "SelfEvolutionAgent._save_snapshot": {"executed_lines": [618, 620, 623, 624, 625, 627], "summary": {"covered_lines": 6, "num_statements": 6, "percent_covered": 100.0, "percent_covered_display": "100", "missing_lines": 0, "excluded_lines": 0, "percent_statements_covered": 100.0, "percent_statements_covered_display": "100", "num_branches": 0, "num_partial_branches": 0, "covered_branches": 0, "missing_branches": 0, "percent_branches_covered": 100.0, "percent_branches_covered_display": "100"}, "missing_lines": [], "excluded_lines": [], "start_line": 616, "executed_branches": [], "missing_branches": []}, "SelfEvolutionAgent.get_evolution_status": {"executed_lines": [631], "summary": {"covered_lines": 1, "num_statements": 1, "percent_covered": 100.0, "percent_covered_display": "100", "missing_lines": 0, "excluded_lines": 0, "percent_statements_covered": 100.0, "percent_statements_covered_display": "100", "num_branches": 0, "num_partial_branches": 0, "covered_branches": 0, "missing_branches": 0, "percent_branches_covered": 100.0, "percent_branches_covered_display": "100"}, "missing_lines": [], "excluded_lines": [], "start_line": 629, "executed_branches": [], "missing_branches": []}, "SelfEvolutionAgent.rollback_to": {"executed_lines": [], "summary": {"covered_lines": 0, "num_statements": 6, "percent_covered": 0.0, "percent_covered_display": "0", "missing_lines": 6, "excluded_lines": 0, "percent_statements_covered": 0.0, "percent_statements_covered_display": "0", "num_branches": 2, "num_partial_branches": 0, "covered_branches": 0, "missing_branches": 2, "percent_branches_covered": 0.0, "percent_branches_covered_display": "0"}, "missing_lines": [648, 650, 651, 652, 655, 656], "excluded_lines": [], "start_line": 638, "executed_branches": [], "missing_branches": [[650, 651], [650, 655]]}, "": {"executed_lines": [13, 14, 15, 16, 17, 18, 19, 21, 23, 26, 28, 29, 30, 31, 32, 35, 37, 38, 39, 42, 43, 45, 46, 47, 48, 49, 50, 51, 52, 54, 57, 58, 62, 63, 65, 66, 67, 68, 69, 71, 81, 102, 103, 106, 107, 109, 145, 215, 265, 287, 313, 332, 352, 398, 438, 477, 521, 544, 565, 575, 590, 604, 616, 629, 638, 660], "summary": {"covered_lines": 66, "num_statements": 66, "percent_covered": 100.0, "percent_covered_display": "100", "missing_lines": 0, "excluded_lines": 0, "percent_statements_covered": 100.0, "percent_statements_covered_display": "100", "num_branches": 0, "num_partial_branches": 0, "covered_branches": 0, "missing_branches": 0, "percent_branches_covered": 100.0, "percent_branches_covered_display": "100"}, "missing_lines": [], "excluded_lines": [], "start_line": 1, "executed_branches": [], "missing_branches": []}}, "classes": {"EvolutionPhase": {"executed_lines": [], "summary": {"covered_lines": 0, "num_statements": 0, "percent_covered": 100.0, "percent_covered_display": "100", "missing_lines": 0, "excluded_lines": 0, "percent_statements_covered": 1
[...]
 [48, 49], [48, 50], [50, 51], [50, 52], [58, 59], [58, 60], [60, 61], [60, 62], [67, 68], [67, 69], [69, 70], [69, 71], [118, 122], [143, 144], [143, 151], [169, 170], [221, 222], [221, 229], [285, 286], [285, 292], [287, 288], [287, 292], [294, 295], [294, 305], [330, 331], [330, 337], [339, 341], [339, 349], [350, 362], [363, 374], [400, 401], [400, 409], [419, 420], [419, 423], [425, 426], [425, 434], [475, 476], [475, 480], [481, 493], [494, 500], [535, 536], [535, 561], [539, 540], [539, 544], [544, 545], [544, 549], [546, 547], [549, 550], [554, 555], [558, 559], [576, 579], [587, 588], [590, 594], [594, 595], [602, 621]], "missing_branches": [[118, 119], [169, 176], [350, 351], [363, 364], [481, 482], [487, 488], [487, 490], [494, 495], [546, 557], [549, 557], [554, 557], [558, 535], [576, 577], [587, 594], [590, 591], [594, 602], [602, 603], [607, 608], [607, 612], [608, 609], [608, 615], [612, 613], [612, 615], [649, 650], [649, 651], [695, 696], [695, 700], [700, 703], [700, 710], [706, 707], [706, 710]], "functions": {"AccessibilityNode.__post_init__": {"executed_lines": [30, 31, 32, 33], "summary": {"covered_lines": 4, "num_statements": 4, "percent_covered": 100.0, "percent_covered_display": "100", "missing_lines": 0, "excluded_lines": 0, "percent_statements_covered": 100.0, "percent_statements_covered_display": "100", "num_branches": 4, "num_partial_branches": 0, "covered_branches": 4, "missing_branches": 0, "percent_branches_covered": 100.0, "percent_branches_covered_display": "100"}, "missing_lines": [], "excluded_lines": [], "start_line": 29, "executed_branches": [[30, 31], [30, 32], [32, -29], [32, 33]], "missing_branches": []}, "AccessibilityNode.from_dict": {"executed_lines": [37], "summary": {"covered_lines": 1, "num_statements": 1, "percent_covered": 100.0, "percent_covered_display": "100", "missing_lines": 0, "excluded_lines": 0, "percent_statements_covered": 100.0, "percent_statements_covered_display": "100", "num_branches": 0, "num_partial_branches": 0, "covered_branches": 0, "missing_branches": 0, "percent_branches_covered": 100.0, "percent_branches_covered_display": "100"}, "missing_lines": [], "excluded_lines": [], "start_line": 36, "executed_branches": [], "missing_branches": []}, "AccessibilityNode.find_by_role": {"executed_lines": [47, 48, 49, 50, 51, 52], "summary": {"covered_lines": 6, "num_statements": 6, "percent_covered": 100.0, "percent_covered_display": "100", "missing_lines": 0, "excluded_lines": 0, "percent_statements_covered": 100.0, "percent_statements_covered_display": "100", "num_branches": 4, "num_partial_branches": 0, "covered_branches": 4, "missing_branches": 0, "percent_branches_covered": 100.0, "percent_branches_covered_display": "100"}, "missing_lines": [], "excluded_lines": [], "start_line": 45, "executed_branches": [[48, 49], [48, 50], [50, 51], [50, 52]], "missing_branches": []}, "AccessibilityNode.find_by_text": {"executed_lines": [56, 57, 58, 59, 60, 61, 62], "summary": {"covered_lines": 7, "num_statements": 7, "percent_covered": 100.0, "percent_covered_display": "100", "missing_lines": 0, "excluded_lines": 0, "percent_statements_covered": 100.0, "percent_statements_covered_display": "100", "num_branches": 4, "num_partial_branches": 0, "covered_branches": 4, "missing_branches": 0, "percent_branches_covered": 100.0, "percent_branches_covered_display": "100"}, "missing_lines": [], "excluded_lines": [], "start_line": 54, "executed_branches": [[58, 59], [58, 60], [60, 61], [60, 62]], "missing_branches": []}, "AccessibilityNode.to_text": {"executed_lines": [66, 67, 68, 69, 70, 71], "summary": {"covered_lines": 6, "num_statements": 6, "percent_covered": 100.0, "percent_covered_display": "100", "missing_lines": 0, "excluded_lines": 0, "percent_statements_covered": 100.0, "percent_statements_covered_display": "100", "num_branches": 4, "num_partial_branches": 0, "covered_branches": 4, "missing_branches": 0, "percent_branches_covered": 100.0, "percent_branches_covered_display": "100"}, "missing_lines": [], "excluded_lines": [], "start_line": 64, "executed_branches": [[67, 68], [67, 69], [69, 70], [69, 71]], "missing_branches": []}, "PlaywrightVerifier.__init__": {"executed_lines": [100, 101, 102, 103, 104, 105, 106], "summary": {"covered_lines": 7, "num_statements": 7, "percent_covered": 100.0, "percent_covered_display": "100", "missing_lines": 0, "excluded_lines": 0, "percent_statements_covered": 100.0, "percent_statements_covered_display": "100", "num_branches": 0, "num_partial_branches": 0, "covered_branches": 0, "missing_branches": 0, "percent_branches_covered": 100.0, "percent_branches_covered_display": "100"}, "missing_lines": [], "excluded_lines": [], "start_line": 91, "executed_branches": [], "missing_branches": []}, "PlaywrightVerifier._check_playwright_mcp": {"executed_lines": [110, 112, 118, 122, 128], "summary": {"covered_lines": 5, "num_statements": 8, "percent_covered": 60.0, "percent_covered_display": "60", "missing_lines": 3, "excluded_lines": 0, "percent_statements_covered": 62.5, "percent_statements_covered_display": "62", "num_branches": 2, "num_partial_branches": 1, "covered_branches": 1, "missing_branches": 1, "percent_branches_covered": 50.0, "percent_branches_covered_display": "50"}, "missing_lines": [119, 129, 130], "excluded_lines": [], "start_line": 108, "executed_branches": [[118, 122]], "missing_branches": [[118, 119]]}, "PlaywrightVerifier._run_mcp_command": {"executed_lines": [143, 144, 151, 158, 161, 169, 170, 181, 182, 187, 188], "summary": {"covered_lines": 11, "num_statements": 13, "percent_covered": 82.3529411764706, "percent_covered_display": "82", "missing_lines": 2, "excluded_lines": 0, "percent_statements_covered": 84.61538461538461, "percent_statements_covered_display": "85", "num_branches": 4, "num_partial_branches": 1, "covered_branches": 3, "missing_branches": 1, "percent_branches_covered": 75.0, "percent_branches_covered_display": "75"}, "missing_lines": [171, 176], "excluded_lines": [], "start_line": 132, "executed_branches": [[143, 144], [143, 151], [169, 170]], "missing_branches": [[169, 176]]}, "PlaywrightVerifier.verify_page_load": {"executed_lines": [210, 219, 221, 222, 223, 224, 225, 226, 229, 231], "summary": {"covered_lines": 10, "num_statements": 10, "percent_covered": 100.0, "percent_covered_display": "100", "missing_lines": 0, "excluded_lines": 0, "percent_statements_covered": 100.0, "percent_statements_covered_display": "100", "num_branches": 2, "num_partial_branches": 0, "covered_branches": 2, "missing_branches": 0, "percent_branches_covered": 100.0, "percent_branches_covered_display": "100"}, "missing_lines": [], "excluded_lines": [], "start_line": 194, "executed_branches": [[221, 222], [221, 229]], "missing_branches": []}, "PlaywrightVerifier._fallback_page_load": {"executed_lines": [235, 236, 242, 244, 253, 254], "summary": {"covered_lines": 6, "num_statements": 6, "percent_covered": 100.0, "percent_covered_display": "100", "missing_lines": 0, "excluded_lines": 0, "percent_statements_covered": 100.0, "percent_statements_covered_display": "100", "num_branches": 0, "num_partial_branches": 0, "covered_branches": 0, "missing_branches": 0, "percent_branches_covered": 100.0, "percent_branches_covered_display": "100"}, "missing_lines": [], "excluded_lines": [], "start_line": 233, "executed_branches": [], "missing_branches": []}, "PlaywrightVerifier.get_accessibility_tree": {"executed_lines": [277, 285, 286, 287, 288, 289, 292, 294, 295, 296, 297, 299, 300, 301, 302, 305, 306, 307, 308, 310], "summary": {"covered_lines": 20, "num_statements": 20, "percent_covered": 100.0, "percent_covered_display": "100", "missing_lines": 0, "excluded_lines": 0, "percent_statements_covered": 100.0, "percent_statements_covered_display": "100", "num_branches": 6, "num_partial_branches": 0, "covered_branches": 6, "missing_branches": 0, "percent_branches_covered": 100.0, "percent_branches_covered_display": "100"}, "missing_lines": [], "excluded_lines": [], "start_line": 262, "executed_branches": [[285, 286], [285, 292], [287, 288], [287, 292], [294, 295], [294, 305]], "missing_branches": []}, "PlaywrightVerifier.verify_element_exists": {"executed_lines": [328, 330, 331, 337, 339, 341, 349, 350, 362, 363, 374], "summary": {"covered_lines": 11, "num_statements": 13, "percent_covered": 80.95238095238095, "percent_covered_display": "81", "missing_lines": 2, "excluded_lines": 0, "percent_statements_covered": 84.61538461538461, "percent_statements_covered_display": "85", "num_branches": 8, "num_partial_branches": 2, "covered_branches": 6, "missing_branches": 2, "percent_branches_covered": 75.0, "percent_branches_covered_display": "75"}, "missing_lines": [351, 364], "excluded_lines": [], "start_line": 312, "executed_branches": [[330, 331], [330, 337], [339, 341], [339, 349], [350, 362], [363, 374]], "missing_branches": [[350, 351], [363, 364]]}, "PlaywrightVerifier.verify_interaction": {"executed_lines": [399, 400, 401, 409, 416, 417, 419, 420, 423, 425, 426, 434], "summary": {"covered_lines": 12, "num_statements": 12, "percent_covered": 100.0, "percent_covered_display": "100", "missing_lines": 0, "excluded_lines": 0, "percent_statements_covered": 100.0, "percent_statements_covered_display": "100", "num_branches": 6, "num_partial_branches": 0, "covered_branches": 6, "missing_branches": 0, "percent_branches_covered": 100.0, "percent_branches_covered_display": "100"}, "missing_lines": [], "excluded_lines": [], "start_line": 380, "executed_branches": [[400, 401], [400, 409], [419, 420], [419, 423], [425, 426], [425, 434]], "missing_branches": []}, "PlaywrightVerifier.verify_form": {"executed_lines": [466, 474, 475, 476, 477, 480, 481, 493, 494, 500, 502], "summary": {"covered_lines": 11, "num_statements": 22, "percent_covered": 50.0, "percent_covered_display": "50", "missing_lines": 11, "excluded_lines": 0, "percent_statements_covered": 50.0, "percent_statements_covered_display": "50", "num_branches": 8, "num_partial_branches": 2, "covered_branches": 4, "missing_branches": 4, "percent_branches_covered": 50.0, "percent_branches_covered_display": "50"}, "missing_lines": [482, 483, 484, 486, 487, 488, 490, 495, 496, 497, 498], "excluded_lines": [], "start_line": 443, "executed_branches": [[475, 476], [475, 480], [481, 493], [494, 500]], "missing_branches": [[481, 482], [487, 488], [487, 490], [494, 495]]}, "PlaywrightVerifier.verify_navigation_flow": {"executed_lines": [525, 533, 535, 536, 537, 539, 540, 541, 542, 544, 545, 546, 547, 549, 550, 551, 552, 553, 554, 555, 557, 558, 559, 561, 563], "summary": {"covered_lines": 25, "num_statements": 25, "percent_covered": 89.74358974358974, "percent_covered_display": "90", "missing_lines": 0, "excluded_lines": 0, "percent_statements_covered": 100.0, "percent_statements_covered_display": "100", "num_branches": 14, "num_partial_branches": 4, "covered_branches": 10, "missing_branches": 4, "percent_branches_covered": 71.42857142857143, "percent_branches_covered_display": "71"}, "missing_lines": [], "excluded_lines": [], "start_line": 504, "executed_branches": [[535, 536], [535, 561], [539, 540], [539, 544], [544, 545], [544, 549], [546, 547], [549, 550], [554, 555], [558, 559]], "missing_branches": [[546, 557], [549, 557], [554, 557], [558, 535]]}, "PlaywrightVerifier.verify_all": {"executed_lines": [576, 579, 587, 588, 589, 590, 594, 595, 596, 597, 602, 621, 622, 628], "summary": {"covered_lines": 14, "num_statements": 26, "percent_covered": 45.23809523809524, "percent_covered_display": "45", "missing_lines": 12, "excluded_lines": 0, "percent_statements_covered": 53.84615384615385, "percent_statements_covered_display": "54", "num_branches": 16, "num_partial_branches": 5, "covered_branches": 5, "missing_branches": 11, "percent_branches_covered": 31.25, "percent_branches_covered_display": "31"}, "missing_lines": [577, 591, 603, 604, 605, 607, 608, 609, 610, 612, 613, 615], "excluded_lines": [], "start_line": 565, "executed_branches": [[576, 579], [587, 588], [590, 594], [594, 595], [602, 621]], "missing_branches": [[576, 577], [587, 594], [590, 591], [594, 602], [602, 603], [607, 608], [607, 612], [608, 609], [608, 615], [612, 613], [612, 615]]}, "integrate_playwright_verifier": {"executed_lines": [639, 640, 645, 647, 653, 654, 674, 675, 713, 714, 716], "summary": {"covered_lines": 11, "num_statements": 13, "percent_covered": 84.61538461538461, "percent_covered_display": "85", "missing_lines": 2, "excluded_lines": 0, "percent_statements_covered": 84.61538461538461, "percent_statements_covered_display": "85", "num_branches": 0, "num_partial_branches": 0, "covered_branches": 0, "missing_branches": 0, "percent_branches_covered": 100.0, "percent_branches_covered_display": "100"}, "missing_lines": [641, 642], "excluded_lines": [], "start_line": 635, "executed_branches": [], "missing_branches": []}, "integrate_playwright_verifier._get_verifier": {"executed_lines": [], "summary": {"covered_lines": 0, "num_statements": 3, "percent_covered": 0.0, "percent_covered_display": "0", "missing_lines": 3, "excluded_lines": 0, "percent_statements_covered": 0.0, "percent_statements_covered_display": "0", "num_branches": 2, "num_partial_branches": 0, "covered_branches": 0, "missing_branches": 2, "percent_branches_covered": 0.0, "percent_branches_covered_display": "0"}, "missing_lines": [649, 650, 651], "excluded_lines": [], "start_line": 647, "executed_branches": [], "missing_branches": [[649, 650], [649, 651]]}, "integrate_playwright_verifier.verify_frontend_enhanced": {"executed_lines": [], "summary": {"covered_lines": 0, "num_statements": 3, "percent_covered": 0.0, "percent_covered_display": "0", "missing_lines": 3, "excluded_lines": 0, "percent_statements_covered": 0.0, "percent_statements_covered_display": "0", "num_branches": 0, "num_partial_branches": 0, "covered_branches": 0, "missing_branches": 0, "percent_branches_covered": 100.0, "percent_branches_covered_display": "100"}, "missing_lines": [661, 662, 665], "excluded_lines": [], "start_line": 654, "executed_branches": [], "missing_branches": []}, "integrate_playwright_verifier.verify_visual_enhanced": {"executed_lines": [], "summary": {"covered_lines": 0, "num_statements": 14, "percent_covered": 0.0, "percent_covered_display": "0", "missing_lines": 14, "excluded_lines": 0, "percent_statements_covered": 0.0, "percent_statements_covered_display": "0", "num_branches": 6, "num_partial_branches": 0, "covered_branches": 0, "missing_branches": 6, "percent_branches_covered": 0.0, "percent_branches_covered_display": "0"}, "missing_lines": [682, 685, 687, 695, 696, 697, 700, 703, 704, 705, 706, 707, 708, 710], "excluded_lines": [], "start_line": 675, "executed_branches": [], "missing_branches": [[695, 696], [695, 700], [700, 703], [700, 710], [706, 707], [706, 710]]}, "": {"executed_lines": [12, 13, 14, 15, 16, 17, 20, 21, 23, 24, 25, 26, 27, 29, 35, 36, 45, 54, 64, 74, 91, 108, 132, 194, 233, 262, 312, 380, 443, 504, 565, 635, 720, 721, 726], "summary": {"covered_lines": 35, "num_statements": 38, "percent_covered": 92.10526315789474, "percent_covered_display": "92", "missing_lines": 3, "excluded_lines": 0, "percent_statements_covered": 92.10526315789474, "percent_statements_covered_display": "92", "num_branches": 0, "num_partial_branches": 0, "covered_branches": 0, "missing_branches": 0, "percent_branches_covered": 100.0, "percent_branches_covered_display": "100"}, "missing_lines": [722, 723, 724], "excluded_lines": [], "start_line": 1, "executed_branches": [], "missing_branches": []}}, "classes": {"AccessibilityNode": {"executed_lines": [30, 31, 32, 33, 37, 47, 48, 49, 50, 51, 52, 56, 57, 58, 59, 60, 61, 62, 66, 67, 68, 69, 70, 71], "summary": {"covered_lines": 24, "num_statements": 24, "percent_covered": 100.0, "percent_covered_display": "100", "missing_lines": 0, "excluded_lines": 0, "percent_statements_covered": 100.0, "percent_statements_covered_display": "100", "num_branches": 16, "num_partial_branches": 0, "covered_branches": 16, "missing_branches": 0, "percent_branches_covered": 100.0, "percent_branches_covered_display": "100"}, "missing_lines": [], "excluded_lines": [], "start_line": 21, "executed_branches": [[30, 31], [30, 32], [32, -29], [32, 33], [48, 49], [48, 50], [50, 51], [50, 52], [58, 59], [58, 60], [60, 61], [60, 62], [67, 68], [67, 69], [69, 70], [69, 71]], "missing_branches": []}, "PlaywrightVerifier": {"executed_lines": [100, 101, 102, 103, 104, 105, 106, 110, 112, 118, 122, 128, 143, 144, 151, 158, 161, 169, 170, 181, 182, 187, 188, 210, 219, 221, 222, 223, 224, 225, 226, 229, 231, 235, 236, 242, 244, 253, 254, 277, 285, 286, 287, 288, 289, 292, 294, 295, 296, 297, 299, 300, 301, 302, 305, 306, 307, 308, 310, 328, 330, 331, 337, 339, 341, 349, 350, 362, 363, 374, 399, 400, 401, 409, 416, 417, 419, 420, 423, 425, 426, 434, 466, 474, 475, 476, 477, 480, 481, 493, 494, 500, 502, 525, 533, 535, 536, 537, 539, 540, 541, 542, 544, 545, 546, 547, 549, 550, 551, 552, 553, 554, 555, 557, 558, 559, 561, 563, 576, 579, 587, 588, 589, 590, 594, 595, 596, 597, 602, 621, 622, 628], "summary": {"covered_lines": 132, "num_statements": 162, "percent_covered": 76.75438596491227, "percent_covered_display": "77", "missing_lines": 30, "excluded_lines": 0, "percent_statements_covered": 81.48148148148148, "percent_statements_covered_display": "81", "num_branches": 66, "num_partial_branches": 15, "covered_branches": 43, "missing_branches": 23, "percent_branches_covered": 65.15151515151516, "percent_branches_covered_display": "65"}, "missing_lines": [119, 129, 130, 171, 176, 351, 364, 482, 483, 484, 486, 487, 488, 490, 495, 496, 497, 498, 577, 591, 603, 604, 605, 607, 608, 609, 610, 612, 613, 615], "excluded_lines": [], "start_line": 74, "executed_branches": [[118, 122], [143, 144], [143, 151], [169, 170], [221, 222], [221, 229], [285, 286], [285, 292], [287, 288], [287, 292], [294, 295], [294, 305], [330, 331], [330, 337], [339, 341], [339, 349], [350, 362], [363, 374], [400, 401], [400, 409], [419, 420], [419, 423], [425, 426], [425, 434], [475, 476], [475, 480], [481, 493], [494, 500], [535, 536], [535, 561], [539, 540], [539, 544], [544, 545], [544, 549], [546, 547], [549, 550], [554, 555], [558, 559], [576, 579], [587, 588], [590, 594], [594, 595], [602, 621]], "missing_branches": [[118, 119], [169, 176], [350, 351], [363, 364], [481, 482], [487, 488], [487, 490], [494, 495], [546, 557], [549, 557], [554, 557], [558, 535], [576, 577], [587, 594], [590, 591], [594, 602], [602, 603], [607, 608], [607, 612], [608, 609], [608, 615], [612, 613], [612, 615]]}, "": {"executed_lines": [12, 13, 14, 15, 16, 17, 20, 21, 23, 24, 25, 26, 27, 29, 35, 36, 45, 54, 64, 74, 91, 108, 132, 194, 233, 262, 312, 380, 443, 504, 565, 635, 639, 640, 645, 647, 653, 654, 674, 675, 713, 714, 716, 720, 721, 726], "summary": {"covered_lines": 46, "num_statements": 71, "percent_covered": 58.22784810126582, "percent_covered_display": "58", "missing_lines": 25, "excluded_lines": 0, "percent_statements_covered": 64.78873239436619, "percent_statements_covered_display": "65", "num_branches": 8, "num_partial_branches": 0, "covered_branches": 0, "missing_branches": 8, "percent_branches_covered": 0.0, "percent_branches_covered_display": "0"}, "missing_lines": [641, 642, 649, 650, 651, 661, 662, 665, 682, 685, 687, 695, 696, 697, 700, 703, 704, 705, 706, 707, 708, 710, 722, 723, 724], "excluded_lines": [], "start_line": 1, "executed_branches": [], "missing_branches": [[649, 650], [649, 651], [695, 696], [695, 700], [700, 703], [700, 710], [706, 707], [706, 710]]}}}}, "totals": {"covered_lines": 4163, "num_statements": 5639, "percent_covered": 69.66857782128373, "percent_covered_display": "70", "missing_lines": 1476, "excluded_lines": 74, "percent_statements_covered": 73.82514630253591, "percent_statements_covered_display": "74", "num_branches": 1512, "num_partial_branches": 231, "covered_branches": 819, "missing_branches": 693, "percent_branches_covered": 54.166666666666664, "percent_branches_covered_display": "54"}}